c:\users\bruno\desktop\prog\src\c++\sfml-rs2d\src\common\common\x64\debug\common.pch
c:\users\bruno\desktop\prog\src\c++\sfml-rs2d\src\common\common\x64\debug\common.pdb
c:\users\bruno\desktop\prog\src\c++\sfml-rs2d\src\common\common\x64\debug\common.idb
c:\users\bruno\desktop\prog\src\c++\sfml-rs2d\src\common\common\x64\debug\pch.obj
c:\users\bruno\desktop\prog\src\c++\sfml-rs2d\src\common\common\x64\debug\units.obj
c:\users\bruno\desktop\prog\src\c++\sfml-rs2d\src\common\common\x64\debug\splitstring.obj
c:\users\bruno\desktop\prog\src\c++\sfml-rs2d\src\common\common\x64\debug\session.obj
c:\users\bruno\desktop\prog\src\c++\sfml-rs2d\src\common\common\x64\debug\random.obj
c:\users\bruno\desktop\prog\src\c++\sfml-rs2d\src\common\common\x64\debug\print.obj
c:\users\bruno\desktop\prog\src\c++\sfml-rs2d\src\common\common\x64\debug\logger.obj
c:\users\bruno\desktop\prog\src\c++\sfml-rs2d\src\common\common\x64\debug\json.obj
c:\users\bruno\desktop\prog\src\c++\sfml-rs2d\src\common\common\x64\debug\getenv.obj
c:\users\bruno\desktop\prog\src\c++\sfml-rs2d\src\common\common\x64\debug\common.obj
c:\users\bruno\desktop\prog\src\c++\sfml-rs2d\src\map editor\x64\debug\common.lib
c:\users\bruno\desktop\prog\src\c++\sfml-rs2d\src\common\common\x64\debug\common.tlog\cl.command.1.tlog
c:\users\bruno\desktop\prog\src\c++\sfml-rs2d\src\common\common\x64\debug\common.tlog\cl.read.1.tlog
c:\users\bruno\desktop\prog\src\c++\sfml-rs2d\src\common\common\x64\debug\common.tlog\cl.write.1.tlog
c:\users\bruno\desktop\prog\src\c++\sfml-rs2d\src\common\common\x64\debug\common.tlog\lib-link.read.1.tlog
c:\users\bruno\desktop\prog\src\c++\sfml-rs2d\src\common\common\x64\debug\common.tlog\lib-link.write.1.tlog
c:\users\bruno\desktop\prog\src\c++\sfml-rs2d\src\common\common\x64\debug\common.tlog\lib.command.1.tlog
