c:\users\bruno\desktop\prog\src\c++\sfml-rs2d\src\server\app\debug\vc142.pdb
c:\users\bruno\desktop\prog\src\c++\sfml-rs2d\src\server\app\debug\vc142.idb
c:\users\bruno\desktop\prog\src\c++\sfml-rs2d\src\server\app\debug\main.obj
c:\users\bruno\desktop\prog\src\c++\sfml-rs2d\src\server\debug\app.pdb
c:\users\bruno\desktop\prog\src\c++\sfml-rs2d\src\server\app\debug\app.tlog\cl.command.1.tlog
c:\users\bruno\desktop\prog\src\c++\sfml-rs2d\src\server\app\debug\app.tlog\cl.read.1.tlog
c:\users\bruno\desktop\prog\src\c++\sfml-rs2d\src\server\app\debug\app.tlog\cl.write.1.tlog
c:\users\bruno\desktop\prog\src\c++\sfml-rs2d\src\server\app\debug\app.tlog\link-cvtres.read.1.tlog
c:\users\bruno\desktop\prog\src\c++\sfml-rs2d\src\server\app\debug\app.tlog\link-cvtres.write.1.tlog
c:\users\bruno\desktop\prog\src\c++\sfml-rs2d\src\server\app\debug\app.tlog\link-rc.read.1.tlog
c:\users\bruno\desktop\prog\src\c++\sfml-rs2d\src\server\app\debug\app.tlog\link-rc.write.1.tlog
c:\users\bruno\desktop\prog\src\c++\sfml-rs2d\src\server\app\debug\app.tlog\link.1468-cvtres.read.1.tlog
c:\users\bruno\desktop\prog\src\c++\sfml-rs2d\src\server\app\debug\app.tlog\link.1468-cvtres.write.1.tlog
c:\users\bruno\desktop\prog\src\c++\sfml-rs2d\src\server\app\debug\app.tlog\link.1468-rc.read.1.tlog
c:\users\bruno\desktop\prog\src\c++\sfml-rs2d\src\server\app\debug\app.tlog\link.1468-rc.write.1.tlog
c:\users\bruno\desktop\prog\src\c++\sfml-rs2d\src\server\app\debug\app.tlog\link.1468.read.1.tlog
c:\users\bruno\desktop\prog\src\c++\sfml-rs2d\src\server\app\debug\app.tlog\link.1468.write.1.tlog
c:\users\bruno\desktop\prog\src\c++\sfml-rs2d\src\server\app\debug\app.tlog\link.command.1.tlog
c:\users\bruno\desktop\prog\src\c++\sfml-rs2d\src\server\app\debug\app.tlog\link.read.1.tlog
c:\users\bruno\desktop\prog\src\c++\sfml-rs2d\src\server\app\debug\app.tlog\link.write.1.tlog
