  bottomBanner.cpp
C:\Users\Bruno\Desktop\prog\src\c++\sfml-rs2d\src\client\client\mouseWheelEvent.h(17,1): warning C4003: not enough arguments for function-like macro invocation 'EVENT_CLASS'
C:\Users\Bruno\Desktop\prog\src\c++\sfml-rs2d\src\client\client\resizeEvent.h(16,1): warning C4003: not enough arguments for function-like macro invocation 'EVENT_CLASS'
C:\Users\Bruno\Desktop\prog\src\c++\sfml-rs2d\src\client\client\bottomBanner.cpp(23,16): warning C4244: 'initializing': conversion from 'float' to 'int', possible loss of data
C:\Users\Bruno\Desktop\prog\src\c++\sfml-rs2d\src\client\client\bottomBanner.cpp(25,46): warning C4244: 'argument': conversion from 'int' to 'float', possible loss of data
C:\Users\Bruno\Desktop\prog\src\c++\sfml-rs2d\src\client\client\bottomBanner.cpp(26,28): warning C4244: 'argument': conversion from 'int' to 'float', possible loss of data
C:\Users\Bruno\Desktop\prog\src\c++\sfml-rs2d\src\client\client\bottomBanner.cpp(34,32): warning C4244: 'argument': conversion from 'int' to 'float', possible loss of data
C:\Users\Bruno\Desktop\prog\src\c++\sfml-rs2d\src\client\client\bottomBanner.cpp(55,33): warning C4244: 'argument': conversion from 'int' to 'float', possible loss of data
C:\Users\Bruno\Desktop\prog\src\c++\sfml-rs2d\src\client\client\bottomBanner.cpp(57,33): warning C4244: 'argument': conversion from 'int' to 'float', possible loss of data
C:\Users\Bruno\Desktop\prog\src\c++\sfml-rs2d\src\client\client\bottomBanner.cpp(58,72): warning C4244: '+=': conversion from 'T' to 'int', possible loss of data
          with
          [
              T=float
          ]
C:\Users\Bruno\Desktop\prog\src\c++\sfml-rs2d\src\client\client\bottomBanner.cpp(68,28): warning C4244: 'initializing': conversion from 'float' to 'int', possible loss of data
  camera.cpp
  chat.cpp
C:\Users\Bruno\Desktop\prog\src\c++\sfml-rs2d\src\client\client\keyPressedEvent.h(9,1): warning C4003: not enough arguments for function-like macro invocation 'EVENT_CLASS'
C:\Users\Bruno\Desktop\prog\src\c++\sfml-rs2d\src\client\client\keyPressedEvent.h(10,1): warning C4003: not enough arguments for function-like macro invocation 'EVENT_CLASS'
C:\Users\Bruno\Desktop\prog\src\c++\sfml-rs2d\src\client\client\keyPressedEvent.h(11,1): warning C4003: not enough arguments for function-like macro invocation 'EVENT_CLASS'
C:\Users\Bruno\Desktop\prog\src\c++\sfml-rs2d\src\client\client\keyPressedEvent.h(12,1): warning C4003: not enough arguments for function-like macro invocation 'EVENT_CLASS'
C:\Users\Bruno\Desktop\prog\src\c++\sfml-rs2d\src\client\client\keyPressedEvent.h(13,1): warning C4003: not enough arguments for function-like macro invocation 'EVENT_CLASS'
C:\Users\Bruno\Desktop\prog\src\c++\sfml-rs2d\src\client\client\keyPressedEvent.h(14,1): warning C4003: not enough arguments for function-like macro invocation 'EVENT_CLASS'
C:\Users\Bruno\Desktop\prog\src\c++\sfml-rs2d\src\client\client\keyPressedEvent.h(15,1): warning C4003: not enough arguments for function-like macro invocation 'EVENT_CLASS'
C:\Users\Bruno\Desktop\prog\src\c++\sfml-rs2d\src\client\client\keyPressedEvent.h(16,1): warning C4003: not enough arguments for function-like macro invocation 'EVENT_CLASS'
C:\Users\Bruno\Desktop\prog\src\c++\sfml-rs2d\src\client\client\keyPressedEvent.h(17,1): warning C4003: not enough arguments for function-like macro invocation 'EVENT_CLASS'
C:\Users\Bruno\Desktop\prog\src\c++\sfml-rs2d\src\client\client\keyPressedEvent.h(22,1): warning C4003: not enough arguments for function-like macro invocation 'EVENT_CLASS'
C:\Users\Bruno\Desktop\prog\src\c++\sfml-rs2d\src\client\client\login.h(17,1): warning C4003: not enough arguments for function-like macro invocation 'EVENT_CLASS'
C:\Users\Bruno\Desktop\prog\src\c++\sfml-rs2d\src\client\client\login.h(31,1): warning C4003: not enough arguments for function-like macro invocation 'EVENT_CLASS'
  gameDataService.cpp
C:\Users\Bruno\Desktop\prog\src\c++\sfml-rs2d\src\client\client\login.h(17,1): warning C4003: not enough arguments for function-like macro invocation 'EVENT_CLASS'
C:\Users\Bruno\Desktop\prog\src\c++\sfml-rs2d\src\client\client\login.h(31,1): warning C4003: not enough arguments for function-like macro invocation 'EVENT_CLASS'
C:\Users\Bruno\Desktop\prog\src\c++\sfml-rs2d\src\client\client\mouseMiddleClickEvent.h(17,1): warning C4003: not enough arguments for function-like macro invocation 'EVENT_CLASS'
C:\Users\Bruno\Desktop\prog\src\c++\sfml-rs2d\src\client\client\mouseLeftClickEvent.h(17,1): warning C4003: not enough arguments for function-like macro invocation 'EVENT_CLASS'
C:\Users\Bruno\Desktop\prog\src\c++\sfml-rs2d\src\client\client\mouseRightClickEvent.h(17,1): warning C4003: not enough arguments for function-like macro invocation 'EVENT_CLASS'
C:\Users\Bruno\Desktop\prog\src\c++\sfml-rs2d\src\client\client\mouseMoveEvent.h(17,1): warning C4003: not enough arguments for function-like macro invocation 'EVENT_CLASS'
C:\Users\Bruno\Desktop\prog\src\c++\sfml-rs2d\src\client\client\teleportEvent.h(16,1): warning C4003: not enough arguments for function-like macro invocation 'EVENT_CLASS'
C:\Users\Bruno\Desktop\prog\src\c++\sfml-rs2d\src\client\client\interactionClickEvent.h(17,1): warning C4003: not enough arguments for function-like macro invocation 'EVENT_CLASS'
C:\Users\Bruno\Desktop\prog\src\c++\sfml-rs2d\src\client\client\walkClickEvent.h(17,1): warning C4003: not enough arguments for function-like macro invocation 'EVENT_CLASS'
C:\Users\Bruno\Desktop\prog\src\c++\sfml-rs2d\src\client\client\rightClickTileEvent.h(18,1): warning C4003: not enough arguments for function-like macro invocation 'EVENT_CLASS'
C:\Users\Bruno\Desktop\prog\src\c++\sfml-rs2d\src\client\client\mouseWheelEvent.h(17,1): warning C4003: not enough arguments for function-like macro invocation 'EVENT_CLASS'
C:\Users\Bruno\Desktop\prog\src\c++\sfml-rs2d\src\client\client\Tilemap.h(29,67): warning C4244: 'argument': conversion from 'unsigned int' to 'T', possible loss of data
          with
          [
              T=float
          ]
C:\Users\Bruno\Desktop\prog\src\c++\sfml-rs2d\src\client\client\Tilemap.h(29,51): warning C4244: 'argument': conversion from 'unsigned int' to 'T', possible loss of data
          with
          [
              T=float
          ]
C:\Users\Bruno\Desktop\prog\src\c++\sfml-rs2d\src\client\client\Tilemap.h(30,73): warning C4244: 'argument': conversion from 'unsigned int' to 'T', possible loss of data
          with
          [
              T=float
          ]
C:\Users\Bruno\Desktop\prog\src\c++\sfml-rs2d\src\client\client\Tilemap.h(30,57): warning C4244: 'argument': conversion from 'unsigned int' to 'T', possible loss of data
          with
          [
              T=float
          ]
C:\Users\Bruno\Desktop\prog\src\c++\sfml-rs2d\src\client\client\Tilemap.h(31,79): warning C4244: 'argument': conversion from 'unsigned int' to 'T', possible loss of data
          with
          [
              T=float
          ]
C:\Users\Bruno\Desktop\prog\src\c++\sfml-rs2d\src\client\client\Tilemap.h(31,57): warning C4244: 'argument': conversion from 'unsigned int' to 'T', possible loss of data
          with
          [
              T=float
          ]
C:\Users\Bruno\Desktop\prog\src\c++\sfml-rs2d\src\client\client\Tilemap.h(32,73): warning C4244: 'argument': conversion from 'unsigned int' to 'T', possible loss of data
          with
          [
              T=float
          ]
C:\Users\Bruno\Desktop\prog\src\c++\sfml-rs2d\src\client\client\Tilemap.h(32,51): warning C4244: 'argument': conversion from 'unsigned int' to 'T', possible loss of data
          with
          [
              T=float
          ]
C:\Users\Bruno\Desktop\prog\src\c++\sfml-rs2d\src\client\client\Tilemap.h(38,70): warning C4244: 'argument': conversion from 'T' to 'T', possible loss of data
          with
          [
              T=unsigned int
          ]
          and
          [
              T=float
          ]
C:\Users\Bruno\Desktop\prog\src\c++\sfml-rs2d\src\client\client\Tilemap.h(38,53): warning C4244: 'argument': conversion from 'T' to 'T', possible loss of data
          with
          [
              T=unsigned int
          ]
          and
          [
              T=float
          ]
C:\Users\Bruno\Desktop\prog\src\c++\sfml-rs2d\src\client\client\Tilemap.h(39,76): warning C4244: 'argument': conversion from 'T' to 'T', possible loss of data
          with
          [
              T=unsigned int
          ]
          and
          [
              T=float
          ]
C:\Users\Bruno\Desktop\prog\src\c++\sfml-rs2d\src\client\client\Tilemap.h(39,59): warning C4244: 'argument': conversion from 'T' to 'T', possible loss of data
          with
          [
              T=unsigned int
          ]
          and
          [
              T=float
          ]
C:\Users\Bruno\Desktop\prog\src\c++\sfml-rs2d\src\client\client\Tilemap.h(40,82): warning C4244: 'argument': conversion from 'T' to 'T', possible loss of data
          with
          [
              T=unsigned int
          ]
          and
          [
              T=float
          ]
C:\Users\Bruno\Desktop\prog\src\c++\sfml-rs2d\src\client\client\Tilemap.h(40,59): warning C4244: 'argument': conversion from 'T' to 'T', possible loss of data
          with
          [
              T=unsigned int
          ]
          and
          [
              T=float
          ]
C:\Users\Bruno\Desktop\prog\src\c++\sfml-rs2d\src\client\client\Tilemap.h(41,76): warning C4244: 'argument': conversion from 'T' to 'T', possible loss of data
          with
          [
              T=unsigned int
          ]
          and
          [
              T=float
          ]
C:\Users\Bruno\Desktop\prog\src\c++\sfml-rs2d\src\client\client\Tilemap.h(41,53): warning C4244: 'argument': conversion from 'T' to 'T', possible loss of data
          with
          [
              T=unsigned int
          ]
          and
          [
              T=float
          ]
C:\Users\Bruno\Desktop\prog\src\c++\sfml-rs2d\src\client\client\Tilemap.h(62,74): warning C4244: 'argument': conversion from 'T' to 'T', possible loss of data
          with
          [
              T=unsigned int
          ]
          and
          [
              T=float
          ]
C:\Users\Bruno\Desktop\prog\src\c++\sfml-rs2d\src\client\client\Tilemap.h(62,51): warning C4244: 'argument': conversion from 'T' to 'T', possible loss of data
          with
          [
              T=unsigned int
          ]
          and
          [
              T=float
          ]
C:\Users\Bruno\Desktop\prog\src\c++\sfml-rs2d\src\client\client\Tilemap.h(63,74): warning C4244: 'argument': conversion from 'T' to 'T', possible loss of data
          with
          [
              T=unsigned int
          ]
          and
          [
              T=float
          ]
C:\Users\Bruno\Desktop\prog\src\c++\sfml-rs2d\src\client\client\Tilemap.h(63,51): warning C4244: 'argument': conversion from 'T' to 'T', possible loss of data
          with
          [
              T=unsigned int
          ]
          and
          [
              T=float
          ]
C:\Users\Bruno\Desktop\prog\src\c++\sfml-rs2d\src\client\client\Tilemap.h(64,74): warning C4244: 'argument': conversion from 'T' to 'T', possible loss of data
          with
          [
              T=unsigned int
          ]
          and
          [
              T=float
          ]
C:\Users\Bruno\Desktop\prog\src\c++\sfml-rs2d\src\client\client\Tilemap.h(64,51): warning C4244: 'argument': conversion from 'T' to 'T', possible loss of data
          with
          [
              T=unsigned int
          ]
          and
          [
              T=float
          ]
C:\Users\Bruno\Desktop\prog\src\c++\sfml-rs2d\src\client\client\Tilemap.h(65,74): warning C4244: 'argument': conversion from 'T' to 'T', possible loss of data
          with
          [
              T=unsigned int
          ]
          and
          [
              T=float
          ]
C:\Users\Bruno\Desktop\prog\src\c++\sfml-rs2d\src\client\client\Tilemap.h(65,51): warning C4244: 'argument': conversion from 'T' to 'T', possible loss of data
          with
          [
              T=unsigned int
          ]
          and
          [
              T=float
          ]
C:\Users\Bruno\Desktop\prog\src\c++\sfml-rs2d\src\client\client\Tilemap.h(67,74): warning C4244: 'argument': conversion from 'T' to 'T', possible loss of data
          with
          [
              T=unsigned int
          ]
          and
          [
              T=float
          ]
C:\Users\Bruno\Desktop\prog\src\c++\sfml-rs2d\src\client\client\Tilemap.h(67,51): warning C4244: 'argument': conversion from 'T' to 'T', possible loss of data
          with
          [
              T=unsigned int
          ]
          and
          [
              T=float
          ]
C:\Users\Bruno\Desktop\prog\src\c++\sfml-rs2d\src\client\client\Tilemap.h(68,74): warning C4244: 'argument': conversion from 'T' to 'T', possible loss of data
          with
          [
              T=unsigned int
          ]
          and
          [
              T=float
          ]
C:\Users\Bruno\Desktop\prog\src\c++\sfml-rs2d\src\client\client\Tilemap.h(68,51): warning C4244: 'argument': conversion from 'T' to 'T', possible loss of data
          with
          [
              T=unsigned int
          ]
          and
          [
              T=float
          ]
C:\Users\Bruno\Desktop\prog\src\c++\sfml-rs2d\src\client\client\Tilemap.h(69,74): warning C4244: 'argument': conversion from 'T' to 'T', possible loss of data
          with
          [
              T=unsigned int
          ]
          and
          [
              T=float
          ]
C:\Users\Bruno\Desktop\prog\src\c++\sfml-rs2d\src\client\client\Tilemap.h(69,51): warning C4244: 'argument': conversion from 'T' to 'T', possible loss of data
          with
          [
              T=unsigned int
          ]
          and
          [
              T=float
          ]
C:\Users\Bruno\Desktop\prog\src\c++\sfml-rs2d\src\client\client\Tilemap.h(70,74): warning C4244: 'argument': conversion from 'T' to 'T', possible loss of data
          with
          [
              T=unsigned int
          ]
          and
          [
              T=float
          ]
C:\Users\Bruno\Desktop\prog\src\c++\sfml-rs2d\src\client\client\Tilemap.h(70,51): warning C4244: 'argument': conversion from 'T' to 'T', possible loss of data
          with
          [
              T=unsigned int
          ]
          and
          [
              T=float
          ]
C:\Users\Bruno\Desktop\prog\src\c++\sfml-rs2d\src\client\client\gameDataService.cpp(30,24): warning C4244: 'argument': conversion from 'int' to 'const float', possible loss of data
C:\Users\Bruno\Desktop\prog\src\c++\sfml-rs2d\src\client\client\gameDataService.cpp(29,24): warning C4244: 'argument': conversion from 'int' to 'const float', possible loss of data
C:\Users\Bruno\Desktop\prog\src\c++\sfml-rs2d\src\client\client\gameDataService.cpp(28,24): warning C4244: 'argument': conversion from 'int' to 'const float', possible loss of data
C:\Users\Bruno\Desktop\prog\src\c++\sfml-rs2d\src\client\client\gameDataService.cpp(48,24): warning C4244: 'argument': conversion from 'int' to 'const float', possible loss of data
C:\Users\Bruno\Desktop\prog\src\c++\sfml-rs2d\src\client\client\gameDataService.cpp(47,24): warning C4244: 'argument': conversion from 'int' to 'const float', possible loss of data
C:\Users\Bruno\Desktop\prog\src\c++\sfml-rs2d\src\client\client\gameDataService.cpp(46,24): warning C4244: 'argument': conversion from 'int' to 'const float', possible loss of data
C:\Users\Bruno\Desktop\prog\src\c++\sfml-rs2d\src\client\client\gameDataService.cpp(122,36): warning C4244: 'argument': conversion from 'int' to 'const float', possible loss of data
C:\Users\Bruno\Desktop\prog\src\c++\sfml-rs2d\src\client\client\gameDataService.cpp(122,28): warning C4244: 'argument': conversion from 'int' to 'const float', possible loss of data
  logoutInnerBanner.cpp
C:\Users\Bruno\Desktop\prog\src\c++\sfml-rs2d\src\client\client\mouseWheelEvent.h(17,1): warning C4003: not enough arguments for function-like macro invocation 'EVENT_CLASS'
C:\Users\Bruno\Desktop\prog\src\c++\sfml-rs2d\src\client\client\resizeEvent.h(16,1): warning C4003: not enough arguments for function-like macro invocation 'EVENT_CLASS'
C:\Users\Bruno\Desktop\prog\src\c++\sfml-rs2d\src\client\client\mouseMoveEvent.h(17,1): warning C4003: not enough arguments for function-like macro invocation 'EVENT_CLASS'
C:\Users\Bruno\Desktop\prog\src\c++\sfml-rs2d\src\client\client\mouseLeftClickEvent.h(17,1): warning C4003: not enough arguments for function-like macro invocation 'EVENT_CLASS'
  map.cpp
C:\Users\Bruno\Desktop\prog\src\c++\sfml-rs2d\src\client\client\mouseMiddleClickEvent.h(17,1): warning C4003: not enough arguments for function-like macro invocation 'EVENT_CLASS'
C:\Users\Bruno\Desktop\prog\src\c++\sfml-rs2d\src\client\client\mouseLeftClickEvent.h(17,1): warning C4003: not enough arguments for function-like macro invocation 'EVENT_CLASS'
C:\Users\Bruno\Desktop\prog\src\c++\sfml-rs2d\src\client\client\mouseRightClickEvent.h(17,1): warning C4003: not enough arguments for function-like macro invocation 'EVENT_CLASS'
C:\Users\Bruno\Desktop\prog\src\c++\sfml-rs2d\src\client\client\mouseMoveEvent.h(17,1): warning C4003: not enough arguments for function-like macro invocation 'EVENT_CLASS'
C:\Users\Bruno\Desktop\prog\src\c++\sfml-rs2d\src\client\client\teleportEvent.h(16,1): warning C4003: not enough arguments for function-like macro invocation 'EVENT_CLASS'
C:\Users\Bruno\Desktop\prog\src\c++\sfml-rs2d\src\client\client\interactionClickEvent.h(17,1): warning C4003: not enough arguments for function-like macro invocation 'EVENT_CLASS'
C:\Users\Bruno\Desktop\prog\src\c++\sfml-rs2d\src\client\client\walkClickEvent.h(17,1): warning C4003: not enough arguments for function-like macro invocation 'EVENT_CLASS'
C:\Users\Bruno\Desktop\prog\src\c++\sfml-rs2d\src\client\client\rightClickTileEvent.h(18,1): warning C4003: not enough arguments for function-like macro invocation 'EVENT_CLASS'
C:\Users\Bruno\Desktop\prog\src\c++\sfml-rs2d\src\client\client\mouseWheelEvent.h(17,1): warning C4003: not enough arguments for function-like macro invocation 'EVENT_CLASS'
C:\Users\Bruno\Desktop\prog\src\c++\sfml-rs2d\src\client\client\Tilemap.h(29,67): warning C4244: 'argument': conversion from 'unsigned int' to 'T', possible loss of data
          with
          [
              T=float
          ]
C:\Users\Bruno\Desktop\prog\src\c++\sfml-rs2d\src\client\client\Tilemap.h(29,51): warning C4244: 'argument': conversion from 'unsigned int' to 'T', possible loss of data
          with
          [
              T=float
          ]
C:\Users\Bruno\Desktop\prog\src\c++\sfml-rs2d\src\client\client\Tilemap.h(30,73): warning C4244: 'argument': conversion from 'unsigned int' to 'T', possible loss of data
          with
          [
              T=float
          ]
C:\Users\Bruno\Desktop\prog\src\c++\sfml-rs2d\src\client\client\Tilemap.h(30,57): warning C4244: 'argument': conversion from 'unsigned int' to 'T', possible loss of data
          with
          [
              T=float
          ]
C:\Users\Bruno\Desktop\prog\src\c++\sfml-rs2d\src\client\client\Tilemap.h(31,79): warning C4244: 'argument': conversion from 'unsigned int' to 'T', possible loss of data
          with
          [
              T=float
          ]
C:\Users\Bruno\Desktop\prog\src\c++\sfml-rs2d\src\client\client\Tilemap.h(31,57): warning C4244: 'argument': conversion from 'unsigned int' to 'T', possible loss of data
          with
          [
              T=float
          ]
C:\Users\Bruno\Desktop\prog\src\c++\sfml-rs2d\src\client\client\Tilemap.h(32,73): warning C4244: 'argument': conversion from 'unsigned int' to 'T', possible loss of data
          with
          [
              T=float
          ]
C:\Users\Bruno\Desktop\prog\src\c++\sfml-rs2d\src\client\client\Tilemap.h(32,51): warning C4244: 'argument': conversion from 'unsigned int' to 'T', possible loss of data
          with
          [
              T=float
          ]
C:\Users\Bruno\Desktop\prog\src\c++\sfml-rs2d\src\client\client\Tilemap.h(38,70): warning C4244: 'argument': conversion from 'T' to 'T', possible loss of data
          with
          [
              T=unsigned int
          ]
          and
          [
              T=float
          ]
C:\Users\Bruno\Desktop\prog\src\c++\sfml-rs2d\src\client\client\Tilemap.h(38,53): warning C4244: 'argument': conversion from 'T' to 'T', possible loss of data
          with
          [
              T=unsigned int
          ]
          and
          [
              T=float
          ]
C:\Users\Bruno\Desktop\prog\src\c++\sfml-rs2d\src\client\client\Tilemap.h(39,76): warning C4244: 'argument': conversion from 'T' to 'T', possible loss of data
          with
          [
              T=unsigned int
          ]
          and
          [
              T=float
          ]
C:\Users\Bruno\Desktop\prog\src\c++\sfml-rs2d\src\client\client\Tilemap.h(39,59): warning C4244: 'argument': conversion from 'T' to 'T', possible loss of data
          with
          [
              T=unsigned int
          ]
          and
          [
              T=float
          ]
C:\Users\Bruno\Desktop\prog\src\c++\sfml-rs2d\src\client\client\Tilemap.h(40,82): warning C4244: 'argument': conversion from 'T' to 'T', possible loss of data
          with
          [
              T=unsigned int
          ]
          and
          [
              T=float
          ]
C:\Users\Bruno\Desktop\prog\src\c++\sfml-rs2d\src\client\client\Tilemap.h(40,59): warning C4244: 'argument': conversion from 'T' to 'T', possible loss of data
          with
          [
              T=unsigned int
          ]
          and
          [
              T=float
          ]
C:\Users\Bruno\Desktop\prog\src\c++\sfml-rs2d\src\client\client\Tilemap.h(41,76): warning C4244: 'argument': conversion from 'T' to 'T', possible loss of data
          with
          [
              T=unsigned int
          ]
          and
          [
              T=float
          ]
C:\Users\Bruno\Desktop\prog\src\c++\sfml-rs2d\src\client\client\Tilemap.h(41,53): warning C4244: 'argument': conversion from 'T' to 'T', possible loss of data
          with
          [
              T=unsigned int
          ]
          and
          [
              T=float
          ]
C:\Users\Bruno\Desktop\prog\src\c++\sfml-rs2d\src\client\client\Tilemap.h(62,74): warning C4244: 'argument': conversion from 'T' to 'T', possible loss of data
          with
          [
              T=unsigned int
          ]
          and
          [
              T=float
          ]
C:\Users\Bruno\Desktop\prog\src\c++\sfml-rs2d\src\client\client\Tilemap.h(62,51): warning C4244: 'argument': conversion from 'T' to 'T', possible loss of data
          with
          [
              T=unsigned int
          ]
          and
          [
              T=float
          ]
C:\Users\Bruno\Desktop\prog\src\c++\sfml-rs2d\src\client\client\Tilemap.h(63,74): warning C4244: 'argument': conversion from 'T' to 'T', possible loss of data
          with
          [
              T=unsigned int
          ]
          and
          [
              T=float
          ]
C:\Users\Bruno\Desktop\prog\src\c++\sfml-rs2d\src\client\client\Tilemap.h(63,51): warning C4244: 'argument': conversion from 'T' to 'T', possible loss of data
          with
          [
              T=unsigned int
          ]
          and
          [
              T=float
          ]
C:\Users\Bruno\Desktop\prog\src\c++\sfml-rs2d\src\client\client\Tilemap.h(64,74): warning C4244: 'argument': conversion from 'T' to 'T', possible loss of data
          with
          [
              T=unsigned int
          ]
          and
          [
              T=float
          ]
C:\Users\Bruno\Desktop\prog\src\c++\sfml-rs2d\src\client\client\Tilemap.h(64,51): warning C4244: 'argument': conversion from 'T' to 'T', possible loss of data
          with
          [
              T=unsigned int
          ]
          and
          [
              T=float
          ]
C:\Users\Bruno\Desktop\prog\src\c++\sfml-rs2d\src\client\client\Tilemap.h(65,74): warning C4244: 'argument': conversion from 'T' to 'T', possible loss of data
          with
          [
              T=unsigned int
          ]
          and
          [
              T=float
          ]
C:\Users\Bruno\Desktop\prog\src\c++\sfml-rs2d\src\client\client\Tilemap.h(65,51): warning C4244: 'argument': conversion from 'T' to 'T', possible loss of data
          with
          [
              T=unsigned int
          ]
          and
          [
              T=float
          ]
C:\Users\Bruno\Desktop\prog\src\c++\sfml-rs2d\src\client\client\Tilemap.h(67,74): warning C4244: 'argument': conversion from 'T' to 'T', possible loss of data
          with
          [
              T=unsigned int
          ]
          and
          [
              T=float
          ]
C:\Users\Bruno\Desktop\prog\src\c++\sfml-rs2d\src\client\client\Tilemap.h(67,51): warning C4244: 'argument': conversion from 'T' to 'T', possible loss of data
          with
          [
              T=unsigned int
          ]
          and
          [
              T=float
          ]
C:\Users\Bruno\Desktop\prog\src\c++\sfml-rs2d\src\client\client\Tilemap.h(68,74): warning C4244: 'argument': conversion from 'T' to 'T', possible loss of data
          with
          [
              T=unsigned int
          ]
          and
          [
              T=float
          ]
C:\Users\Bruno\Desktop\prog\src\c++\sfml-rs2d\src\client\client\Tilemap.h(68,51): warning C4244: 'argument': conversion from 'T' to 'T', possible loss of data
          with
          [
              T=unsigned int
          ]
          and
          [
              T=float
          ]
C:\Users\Bruno\Desktop\prog\src\c++\sfml-rs2d\src\client\client\Tilemap.h(69,74): warning C4244: 'argument': conversion from 'T' to 'T', possible loss of data
          with
          [
              T=unsigned int
          ]
          and
          [
              T=float
          ]
C:\Users\Bruno\Desktop\prog\src\c++\sfml-rs2d\src\client\client\Tilemap.h(69,51): warning C4244: 'argument': conversion from 'T' to 'T', possible loss of data
          with
          [
              T=unsigned int
          ]
          and
          [
              T=float
          ]
C:\Users\Bruno\Desktop\prog\src\c++\sfml-rs2d\src\client\client\Tilemap.h(70,74): warning C4244: 'argument': conversion from 'T' to 'T', possible loss of data
          with
          [
              T=unsigned int
          ]
          and
          [
              T=float
          ]
C:\Users\Bruno\Desktop\prog\src\c++\sfml-rs2d\src\client\client\Tilemap.h(70,51): warning C4244: 'argument': conversion from 'T' to 'T', possible loss of data
          with
          [
              T=unsigned int
          ]
          and
          [
              T=float
          ]
C:\Users\Bruno\Desktop\prog\src\c++\sfml-rs2d\src\client\client\login.h(17,1): warning C4003: not enough arguments for function-like macro invocation 'EVENT_CLASS'
C:\Users\Bruno\Desktop\prog\src\c++\sfml-rs2d\src\client\client\login.h(31,1): warning C4003: not enough arguments for function-like macro invocation 'EVENT_CLASS'
C:\Users\Bruno\Desktop\prog\src\c++\sfml-rs2d\src\client\client\mapUpdatedChunksEvent.h(15,1): warning C4003: not enough arguments for function-like macro invocation 'EVENT_CLASS'
C:\Users\Bruno\Desktop\prog\src\c++\sfml-rs2d\src\client\client\map.cpp(36,6): warning C4244: 'argument': conversion from 'int' to 'const float', possible loss of data
C:\Users\Bruno\Desktop\prog\src\c++\sfml-rs2d\src\client\client\map.cpp(35,6): warning C4244: 'argument': conversion from 'int' to 'const float', possible loss of data
C:\Users\Bruno\Desktop\prog\src\c++\sfml-rs2d\src\client\client\map.cpp(34,6): warning C4244: 'argument': conversion from 'int' to 'const float', possible loss of data
C:\Users\Bruno\Desktop\prog\src\c++\sfml-rs2d\src\client\client\map.cpp(43,67): warning C4244: 'argument': conversion from 'int' to 'const float', possible loss of data
C:\Users\Bruno\Desktop\prog\src\c++\sfml-rs2d\src\client\client\map.cpp(43,64): warning C4244: 'argument': conversion from 'int' to 'const float', possible loss of data
C:\Users\Bruno\Desktop\prog\src\c++\sfml-rs2d\src\client\client\map.cpp(49,87): warning C4244: 'argument': conversion from 'int' to 'const float', possible loss of data
C:\Users\Bruno\Desktop\prog\src\c++\sfml-rs2d\src\client\client\map.cpp(49,57): warning C4244: 'argument': conversion from 'int' to 'const float', possible loss of data
C:\Users\Bruno\Desktop\prog\src\c++\sfml-rs2d\src\client\client\map.cpp(49,27): warning C4244: 'argument': conversion from 'int' to 'const float', possible loss of data
C:\Users\Bruno\Desktop\prog\src\c++\sfml-rs2d\src\client\client\map.cpp(62,32): warning C4244: 'argument': conversion from 'float' to 'const unsigned __int64', possible loss of data
C:\Users\Bruno\Desktop\prog\src\c++\sfml-rs2d\src\client\client\map.cpp(62,50): warning C4244: 'argument': conversion from 'float' to 'const unsigned __int64', possible loss of data
C:\Users\Bruno\Desktop\prog\src\c++\sfml-rs2d\src\client\client\map.cpp(64,70): warning C4244: 'argument': conversion from 'int' to 'const float', possible loss of data
C:\Users\Bruno\Desktop\prog\src\c++\sfml-rs2d\src\client\client\map.cpp(64,67): warning C4244: 'argument': conversion from 'int' to 'const float', possible loss of data
C:\Users\Bruno\Desktop\prog\src\c++\sfml-rs2d\src\client\client\map.cpp(116,79): warning C4244: 'argument': conversion from 'int' to 'const float', possible loss of data
C:\Users\Bruno\Desktop\prog\src\c++\sfml-rs2d\src\client\client\map.cpp(116,40): warning C4244: 'argument': conversion from 'int' to 'const float', possible loss of data
C:\Users\Bruno\Desktop\prog\src\c++\sfml-rs2d\src\client\client\map.cpp(117,118): warning C4244: 'argument': conversion from 'unsigned __int64' to 'const float', possible loss of data
C:\Users\Bruno\Desktop\prog\src\c++\sfml-rs2d\src\client\client\map.cpp(117,99): warning C4244: 'argument': conversion from 'unsigned __int64' to 'const float', possible loss of data
C:\Users\Bruno\Desktop\prog\src\c++\sfml-rs2d\src\client\client\map.cpp(121,72): warning C4244: 'argument': conversion from 'float' to 'const unsigned __int64', possible loss of data
C:\Users\Bruno\Desktop\prog\src\c++\sfml-rs2d\src\client\client\map.cpp(121,107): warning C4244: 'argument': conversion from 'float' to 'const unsigned __int64', possible loss of data
  measures.cpp
C:\Users\Bruno\Desktop\prog\src\c++\sfml-rs2d\src\client\client\keyPressedEvent.h(9,1): warning C4003: not enough arguments for function-like macro invocation 'EVENT_CLASS'
C:\Users\Bruno\Desktop\prog\src\c++\sfml-rs2d\src\client\client\keyPressedEvent.h(10,1): warning C4003: not enough arguments for function-like macro invocation 'EVENT_CLASS'
C:\Users\Bruno\Desktop\prog\src\c++\sfml-rs2d\src\client\client\keyPressedEvent.h(11,1): warning C4003: not enough arguments for function-like macro invocation 'EVENT_CLASS'
C:\Users\Bruno\Desktop\prog\src\c++\sfml-rs2d\src\client\client\keyPressedEvent.h(12,1): warning C4003: not enough arguments for function-like macro invocation 'EVENT_CLASS'
C:\Users\Bruno\Desktop\prog\src\c++\sfml-rs2d\src\client\client\keyPressedEvent.h(13,1): warning C4003: not enough arguments for function-like macro invocation 'EVENT_CLASS'
C:\Users\Bruno\Desktop\prog\src\c++\sfml-rs2d\src\client\client\keyPressedEvent.h(14,1): warning C4003: not enough arguments for function-like macro invocation 'EVENT_CLASS'
C:\Users\Bruno\Desktop\prog\src\c++\sfml-rs2d\src\client\client\keyPressedEvent.h(15,1): warning C4003: not enough arguments for function-like macro invocation 'EVENT_CLASS'
C:\Users\Bruno\Desktop\prog\src\c++\sfml-rs2d\src\client\client\keyPressedEvent.h(16,1): warning C4003: not enough arguments for function-like macro invocation 'EVENT_CLASS'
C:\Users\Bruno\Desktop\prog\src\c++\sfml-rs2d\src\client\client\keyPressedEvent.h(17,1): warning C4003: not enough arguments for function-like macro invocation 'EVENT_CLASS'
C:\Users\Bruno\Desktop\prog\src\c++\sfml-rs2d\src\client\client\keyPressedEvent.h(22,1): warning C4003: not enough arguments for function-like macro invocation 'EVENT_CLASS'
C:\Users\Bruno\Desktop\prog\src\c++\sfml-rs2d\src\client\client\mouseMiddleClickEvent.h(17,1): warning C4003: not enough arguments for function-like macro invocation 'EVENT_CLASS'
C:\Users\Bruno\Desktop\prog\src\c++\sfml-rs2d\src\client\client\mouseLeftClickEvent.h(17,1): warning C4003: not enough arguments for function-like macro invocation 'EVENT_CLASS'
C:\Users\Bruno\Desktop\prog\src\c++\sfml-rs2d\src\client\client\mouseRightClickEvent.h(17,1): warning C4003: not enough arguments for function-like macro invocation 'EVENT_CLASS'
C:\Users\Bruno\Desktop\prog\src\c++\sfml-rs2d\src\client\client\mouseMoveEvent.h(17,1): warning C4003: not enough arguments for function-like macro invocation 'EVENT_CLASS'
C:\Users\Bruno\Desktop\prog\src\c++\sfml-rs2d\src\client\client\teleportEvent.h(16,1): warning C4003: not enough arguments for function-like macro invocation 'EVENT_CLASS'
C:\Users\Bruno\Desktop\prog\src\c++\sfml-rs2d\src\client\client\interactionClickEvent.h(17,1): warning C4003: not enough arguments for function-like macro invocation 'EVENT_CLASS'
C:\Users\Bruno\Desktop\prog\src\c++\sfml-rs2d\src\client\client\walkClickEvent.h(17,1): warning C4003: not enough arguments for function-like macro invocation 'EVENT_CLASS'
C:\Users\Bruno\Desktop\prog\src\c++\sfml-rs2d\src\client\client\rightClickTileEvent.h(18,1): warning C4003: not enough arguments for function-like macro invocation 'EVENT_CLASS'
C:\Users\Bruno\Desktop\prog\src\c++\sfml-rs2d\src\client\client\mouseWheelEvent.h(17,1): warning C4003: not enough arguments for function-like macro invocation 'EVENT_CLASS'
C:\Users\Bruno\Desktop\prog\src\c++\sfml-rs2d\src\client\client\Tilemap.h(29,67): warning C4244: 'argument': conversion from 'unsigned int' to 'T', possible loss of data
          with
          [
              T=float
          ]
C:\Users\Bruno\Desktop\prog\src\c++\sfml-rs2d\src\client\client\Tilemap.h(29,51): warning C4244: 'argument': conversion from 'unsigned int' to 'T', possible loss of data
          with
          [
              T=float
          ]
C:\Users\Bruno\Desktop\prog\src\c++\sfml-rs2d\src\client\client\Tilemap.h(30,73): warning C4244: 'argument': conversion from 'unsigned int' to 'T', possible loss of data
          with
          [
              T=float
          ]
C:\Users\Bruno\Desktop\prog\src\c++\sfml-rs2d\src\client\client\Tilemap.h(30,57): warning C4244: 'argument': conversion from 'unsigned int' to 'T', possible loss of data
          with
          [
              T=float
          ]
C:\Users\Bruno\Desktop\prog\src\c++\sfml-rs2d\src\client\client\Tilemap.h(31,79): warning C4244: 'argument': conversion from 'unsigned int' to 'T', possible loss of data
          with
          [
              T=float
          ]
C:\Users\Bruno\Desktop\prog\src\c++\sfml-rs2d\src\client\client\Tilemap.h(31,57): warning C4244: 'argument': conversion from 'unsigned int' to 'T', possible loss of data
          with
          [
              T=float
          ]
C:\Users\Bruno\Desktop\prog\src\c++\sfml-rs2d\src\client\client\Tilemap.h(32,73): warning C4244: 'argument': conversion from 'unsigned int' to 'T', possible loss of data
          with
          [
              T=float
          ]
C:\Users\Bruno\Desktop\prog\src\c++\sfml-rs2d\src\client\client\Tilemap.h(32,51): warning C4244: 'argument': conversion from 'unsigned int' to 'T', possible loss of data
          with
          [
              T=float
          ]
C:\Users\Bruno\Desktop\prog\src\c++\sfml-rs2d\src\client\client\Tilemap.h(38,70): warning C4244: 'argument': conversion from 'T' to 'T', possible loss of data
          with
          [
              T=unsigned int
          ]
          and
          [
              T=float
          ]
C:\Users\Bruno\Desktop\prog\src\c++\sfml-rs2d\src\client\client\Tilemap.h(38,53): warning C4244: 'argument': conversion from 'T' to 'T', possible loss of data
          with
          [
              T=unsigned int
          ]
          and
          [
              T=float
          ]
C:\Users\Bruno\Desktop\prog\src\c++\sfml-rs2d\src\client\client\Tilemap.h(39,76): warning C4244: 'argument': conversion from 'T' to 'T', possible loss of data
          with
          [
              T=unsigned int
          ]
          and
          [
              T=float
          ]
C:\Users\Bruno\Desktop\prog\src\c++\sfml-rs2d\src\client\client\Tilemap.h(39,59): warning C4244: 'argument': conversion from 'T' to 'T', possible loss of data
          with
          [
              T=unsigned int
          ]
          and
          [
              T=float
          ]
C:\Users\Bruno\Desktop\prog\src\c++\sfml-rs2d\src\client\client\Tilemap.h(40,82): warning C4244: 'argument': conversion from 'T' to 'T', possible loss of data
          with
          [
              T=unsigned int
          ]
          and
          [
              T=float
          ]
C:\Users\Bruno\Desktop\prog\src\c++\sfml-rs2d\src\client\client\Tilemap.h(40,59): warning C4244: 'argument': conversion from 'T' to 'T', possible loss of data
          with
          [
              T=unsigned int
          ]
          and
          [
              T=float
          ]
C:\Users\Bruno\Desktop\prog\src\c++\sfml-rs2d\src\client\client\Tilemap.h(41,76): warning C4244: 'argument': conversion from 'T' to 'T', possible loss of data
          with
          [
              T=unsigned int
          ]
          and
          [
              T=float
          ]
C:\Users\Bruno\Desktop\prog\src\c++\sfml-rs2d\src\client\client\Tilemap.h(41,53): warning C4244: 'argument': conversion from 'T' to 'T', possible loss of data
          with
          [
              T=unsigned int
          ]
          and
          [
              T=float
          ]
C:\Users\Bruno\Desktop\prog\src\c++\sfml-rs2d\src\client\client\Tilemap.h(62,74): warning C4244: 'argument': conversion from 'T' to 'T', possible loss of data
          with
          [
              T=unsigned int
          ]
          and
          [
              T=float
          ]
C:\Users\Bruno\Desktop\prog\src\c++\sfml-rs2d\src\client\client\Tilemap.h(62,51): warning C4244: 'argument': conversion from 'T' to 'T', possible loss of data
          with
          [
              T=unsigned int
          ]
          and
          [
              T=float
          ]
C:\Users\Bruno\Desktop\prog\src\c++\sfml-rs2d\src\client\client\Tilemap.h(63,74): warning C4244: 'argument': conversion from 'T' to 'T', possible loss of data
          with
          [
              T=unsigned int
          ]
          and
          [
              T=float
          ]
C:\Users\Bruno\Desktop\prog\src\c++\sfml-rs2d\src\client\client\Tilemap.h(63,51): warning C4244: 'argument': conversion from 'T' to 'T', possible loss of data
          with
          [
              T=unsigned int
          ]
          and
          [
              T=float
          ]
C:\Users\Bruno\Desktop\prog\src\c++\sfml-rs2d\src\client\client\Tilemap.h(64,74): warning C4244: 'argument': conversion from 'T' to 'T', possible loss of data
          with
          [
              T=unsigned int
          ]
          and
          [
              T=float
          ]
C:\Users\Bruno\Desktop\prog\src\c++\sfml-rs2d\src\client\client\Tilemap.h(64,51): warning C4244: 'argument': conversion from 'T' to 'T', possible loss of data
          with
          [
              T=unsigned int
          ]
          and
          [
              T=float
          ]
C:\Users\Bruno\Desktop\prog\src\c++\sfml-rs2d\src\client\client\Tilemap.h(65,74): warning C4244: 'argument': conversion from 'T' to 'T', possible loss of data
          with
          [
              T=unsigned int
          ]
          and
          [
              T=float
          ]
C:\Users\Bruno\Desktop\prog\src\c++\sfml-rs2d\src\client\client\Tilemap.h(65,51): warning C4244: 'argument': conversion from 'T' to 'T', possible loss of data
          with
          [
              T=unsigned int
          ]
          and
          [
              T=float
          ]
C:\Users\Bruno\Desktop\prog\src\c++\sfml-rs2d\src\client\client\Tilemap.h(67,74): warning C4244: 'argument': conversion from 'T' to 'T', possible loss of data
          with
          [
              T=unsigned int
          ]
          and
          [
              T=float
          ]
C:\Users\Bruno\Desktop\prog\src\c++\sfml-rs2d\src\client\client\Tilemap.h(67,51): warning C4244: 'argument': conversion from 'T' to 'T', possible loss of data
          with
          [
              T=unsigned int
          ]
          and
          [
              T=float
          ]
C:\Users\Bruno\Desktop\prog\src\c++\sfml-rs2d\src\client\client\Tilemap.h(68,74): warning C4244: 'argument': conversion from 'T' to 'T', possible loss of data
          with
          [
              T=unsigned int
          ]
          and
          [
              T=float
          ]
C:\Users\Bruno\Desktop\prog\src\c++\sfml-rs2d\src\client\client\Tilemap.h(68,51): warning C4244: 'argument': conversion from 'T' to 'T', possible loss of data
          with
          [
              T=unsigned int
          ]
          and
          [
              T=float
          ]
C:\Users\Bruno\Desktop\prog\src\c++\sfml-rs2d\src\client\client\Tilemap.h(69,74): warning C4244: 'argument': conversion from 'T' to 'T', possible loss of data
          with
          [
              T=unsigned int
          ]
          and
          [
              T=float
          ]
C:\Users\Bruno\Desktop\prog\src\c++\sfml-rs2d\src\client\client\Tilemap.h(69,51): warning C4244: 'argument': conversion from 'T' to 'T', possible loss of data
          with
          [
              T=unsigned int
          ]
          and
          [
              T=float
          ]
C:\Users\Bruno\Desktop\prog\src\c++\sfml-rs2d\src\client\client\Tilemap.h(70,74): warning C4244: 'argument': conversion from 'T' to 'T', possible loss of data
          with
          [
              T=unsigned int
          ]
          and
          [
              T=float
          ]
C:\Users\Bruno\Desktop\prog\src\c++\sfml-rs2d\src\client\client\Tilemap.h(70,51): warning C4244: 'argument': conversion from 'T' to 'T', possible loss of data
          with
          [
              T=unsigned int
          ]
          and
          [
              T=float
          ]
C:\Users\Bruno\Desktop\prog\src\c++\sfml-rs2d\src\client\client\measures.cpp(13,15): warning C4244: '=': conversion from 'double' to 'float', possible loss of data
  minimap.cpp
C:\Users\Bruno\Desktop\prog\src\c++\sfml-rs2d\src\client\client\mouseWheelEvent.h(17,1): warning C4003: not enough arguments for function-like macro invocation 'EVENT_CLASS'
C:\Users\Bruno\Desktop\prog\src\c++\sfml-rs2d\src\client\client\minimap.cpp(24,119): warning C4244: 'argument': conversion from 'float' to 'T', possible loss of data
          with
          [
              T=int
          ]
C:\Users\Bruno\Desktop\prog\src\c++\sfml-rs2d\src\client\client\minimap.cpp(24,112): warning C4244: 'argument': conversion from 'float' to 'T', possible loss of data
          with
          [
              T=int
          ]
C:\Users\Bruno\Desktop\prog\src\c++\sfml-rs2d\src\client\client\minimap.cpp(24,105): warning C4244: 'argument': conversion from 'float' to 'T', possible loss of data
          with
          [
              T=int
          ]
C:\Users\Bruno\Desktop\prog\src\c++\sfml-rs2d\src\client\client\minimap.cpp(24,69): warning C4244: 'argument': conversion from 'float' to 'T', possible loss of data
          with
          [
              T=int
          ]
  player.cpp
C:\Users\Bruno\Desktop\prog\src\c++\sfml-rs2d\src\client\client\teleportEvent.h(16,1): warning C4003: not enough arguments for function-like macro invocation 'EVENT_CLASS'
C:\Users\Bruno\Desktop\prog\src\c++\sfml-rs2d\src\client\client\interactionClickEvent.h(17,1): warning C4003: not enough arguments for function-like macro invocation 'EVENT_CLASS'
C:\Users\Bruno\Desktop\prog\src\c++\sfml-rs2d\src\client\client\login.h(17,1): warning C4003: not enough arguments for function-like macro invocation 'EVENT_CLASS'
C:\Users\Bruno\Desktop\prog\src\c++\sfml-rs2d\src\client\client\login.h(31,1): warning C4003: not enough arguments for function-like macro invocation 'EVENT_CLASS'
C:\Users\Bruno\Desktop\prog\src\c++\sfml-rs2d\src\client\client\keyPressedEvent.h(9,1): warning C4003: not enough arguments for function-like macro invocation 'EVENT_CLASS'
C:\Users\Bruno\Desktop\prog\src\c++\sfml-rs2d\src\client\client\keyPressedEvent.h(10,1): warning C4003: not enough arguments for function-like macro invocation 'EVENT_CLASS'
C:\Users\Bruno\Desktop\prog\src\c++\sfml-rs2d\src\client\client\keyPressedEvent.h(11,1): warning C4003: not enough arguments for function-like macro invocation 'EVENT_CLASS'
C:\Users\Bruno\Desktop\prog\src\c++\sfml-rs2d\src\client\client\keyPressedEvent.h(12,1): warning C4003: not enough arguments for function-like macro invocation 'EVENT_CLASS'
C:\Users\Bruno\Desktop\prog\src\c++\sfml-rs2d\src\client\client\keyPressedEvent.h(13,1): warning C4003: not enough arguments for function-like macro invocation 'EVENT_CLASS'
C:\Users\Bruno\Desktop\prog\src\c++\sfml-rs2d\src\client\client\keyPressedEvent.h(14,1): warning C4003: not enough arguments for function-like macro invocation 'EVENT_CLASS'
C:\Users\Bruno\Desktop\prog\src\c++\sfml-rs2d\src\client\client\keyPressedEvent.h(15,1): warning C4003: not enough arguments for function-like macro invocation 'EVENT_CLASS'
C:\Users\Bruno\Desktop\prog\src\c++\sfml-rs2d\src\client\client\keyPressedEvent.h(16,1): warning C4003: not enough arguments for function-like macro invocation 'EVENT_CLASS'
C:\Users\Bruno\Desktop\prog\src\c++\sfml-rs2d\src\client\client\keyPressedEvent.h(17,1): warning C4003: not enough arguments for function-like macro invocation 'EVENT_CLASS'
C:\Users\Bruno\Desktop\prog\src\c++\sfml-rs2d\src\client\client\keyPressedEvent.h(22,1): warning C4003: not enough arguments for function-like macro invocation 'EVENT_CLASS'
C:\Users\Bruno\Desktop\prog\src\c++\sfml-rs2d\src\client\client\mouseMiddleClickEvent.h(17,1): warning C4003: not enough arguments for function-like macro invocation 'EVENT_CLASS'
C:\Users\Bruno\Desktop\prog\src\c++\sfml-rs2d\src\client\client\mouseLeftClickEvent.h(17,1): warning C4003: not enough arguments for function-like macro invocation 'EVENT_CLASS'
C:\Users\Bruno\Desktop\prog\src\c++\sfml-rs2d\src\client\client\mouseRightClickEvent.h(17,1): warning C4003: not enough arguments for function-like macro invocation 'EVENT_CLASS'
C:\Users\Bruno\Desktop\prog\src\c++\sfml-rs2d\src\client\client\mouseMoveEvent.h(17,1): warning C4003: not enough arguments for function-like macro invocation 'EVENT_CLASS'
C:\Users\Bruno\Desktop\prog\src\c++\sfml-rs2d\src\client\client\walkClickEvent.h(17,1): warning C4003: not enough arguments for function-like macro invocation 'EVENT_CLASS'
C:\Users\Bruno\Desktop\prog\src\c++\sfml-rs2d\src\client\client\rightClickTileEvent.h(18,1): warning C4003: not enough arguments for function-like macro invocation 'EVENT_CLASS'
C:\Users\Bruno\Desktop\prog\src\c++\sfml-rs2d\src\client\client\mouseWheelEvent.h(17,1): warning C4003: not enough arguments for function-like macro invocation 'EVENT_CLASS'
C:\Users\Bruno\Desktop\prog\src\c++\sfml-rs2d\src\client\client\Tilemap.h(29,67): warning C4244: 'argument': conversion from 'unsigned int' to 'T', possible loss of data
          with
          [
              T=float
          ]
C:\Users\Bruno\Desktop\prog\src\c++\sfml-rs2d\src\client\client\Tilemap.h(29,51): warning C4244: 'argument': conversion from 'unsigned int' to 'T', possible loss of data
          with
          [
              T=float
          ]
C:\Users\Bruno\Desktop\prog\src\c++\sfml-rs2d\src\client\client\Tilemap.h(30,73): warning C4244: 'argument': conversion from 'unsigned int' to 'T', possible loss of data
          with
          [
              T=float
          ]
C:\Users\Bruno\Desktop\prog\src\c++\sfml-rs2d\src\client\client\Tilemap.h(30,57): warning C4244: 'argument': conversion from 'unsigned int' to 'T', possible loss of data
          with
          [
              T=float
          ]
C:\Users\Bruno\Desktop\prog\src\c++\sfml-rs2d\src\client\client\Tilemap.h(31,79): warning C4244: 'argument': conversion from 'unsigned int' to 'T', possible loss of data
          with
          [
              T=float
          ]
C:\Users\Bruno\Desktop\prog\src\c++\sfml-rs2d\src\client\client\Tilemap.h(31,57): warning C4244: 'argument': conversion from 'unsigned int' to 'T', possible loss of data
          with
          [
              T=float
          ]
C:\Users\Bruno\Desktop\prog\src\c++\sfml-rs2d\src\client\client\Tilemap.h(32,73): warning C4244: 'argument': conversion from 'unsigned int' to 'T', possible loss of data
          with
          [
              T=float
          ]
C:\Users\Bruno\Desktop\prog\src\c++\sfml-rs2d\src\client\client\Tilemap.h(32,51): warning C4244: 'argument': conversion from 'unsigned int' to 'T', possible loss of data
          with
          [
              T=float
          ]
C:\Users\Bruno\Desktop\prog\src\c++\sfml-rs2d\src\client\client\Tilemap.h(38,70): warning C4244: 'argument': conversion from 'T' to 'T', possible loss of data
          with
          [
              T=unsigned int
          ]
          and
          [
              T=float
          ]
C:\Users\Bruno\Desktop\prog\src\c++\sfml-rs2d\src\client\client\Tilemap.h(38,53): warning C4244: 'argument': conversion from 'T' to 'T', possible loss of data
          with
          [
              T=unsigned int
          ]
          and
          [
              T=float
          ]
C:\Users\Bruno\Desktop\prog\src\c++\sfml-rs2d\src\client\client\Tilemap.h(39,76): warning C4244: 'argument': conversion from 'T' to 'T', possible loss of data
          with
          [
              T=unsigned int
          ]
          and
          [
              T=float
          ]
C:\Users\Bruno\Desktop\prog\src\c++\sfml-rs2d\src\client\client\Tilemap.h(39,59): warning C4244: 'argument': conversion from 'T' to 'T', possible loss of data
          with
          [
              T=unsigned int
          ]
          and
          [
              T=float
          ]
C:\Users\Bruno\Desktop\prog\src\c++\sfml-rs2d\src\client\client\Tilemap.h(40,82): warning C4244: 'argument': conversion from 'T' to 'T', possible loss of data
          with
          [
              T=unsigned int
          ]
          and
          [
              T=float
          ]
C:\Users\Bruno\Desktop\prog\src\c++\sfml-rs2d\src\client\client\Tilemap.h(40,59): warning C4244: 'argument': conversion from 'T' to 'T', possible loss of data
          with
          [
              T=unsigned int
          ]
          and
          [
              T=float
          ]
C:\Users\Bruno\Desktop\prog\src\c++\sfml-rs2d\src\client\client\Tilemap.h(41,76): warning C4244: 'argument': conversion from 'T' to 'T', possible loss of data
          with
          [
              T=unsigned int
          ]
          and
          [
              T=float
          ]
C:\Users\Bruno\Desktop\prog\src\c++\sfml-rs2d\src\client\client\Tilemap.h(41,53): warning C4244: 'argument': conversion from 'T' to 'T', possible loss of data
          with
          [
              T=unsigned int
          ]
          and
          [
              T=float
          ]
C:\Users\Bruno\Desktop\prog\src\c++\sfml-rs2d\src\client\client\Tilemap.h(62,74): warning C4244: 'argument': conversion from 'T' to 'T', possible loss of data
          with
          [
              T=unsigned int
          ]
          and
          [
              T=float
          ]
C:\Users\Bruno\Desktop\prog\src\c++\sfml-rs2d\src\client\client\Tilemap.h(62,51): warning C4244: 'argument': conversion from 'T' to 'T', possible loss of data
          with
          [
              T=unsigned int
          ]
          and
          [
              T=float
          ]
C:\Users\Bruno\Desktop\prog\src\c++\sfml-rs2d\src\client\client\Tilemap.h(63,74): warning C4244: 'argument': conversion from 'T' to 'T', possible loss of data
          with
          [
              T=unsigned int
          ]
          and
          [
              T=float
          ]
C:\Users\Bruno\Desktop\prog\src\c++\sfml-rs2d\src\client\client\Tilemap.h(63,51): warning C4244: 'argument': conversion from 'T' to 'T', possible loss of data
          with
          [
              T=unsigned int
          ]
          and
          [
              T=float
          ]
C:\Users\Bruno\Desktop\prog\src\c++\sfml-rs2d\src\client\client\Tilemap.h(64,74): warning C4244: 'argument': conversion from 'T' to 'T', possible loss of data
          with
          [
              T=unsigned int
          ]
          and
          [
              T=float
          ]
C:\Users\Bruno\Desktop\prog\src\c++\sfml-rs2d\src\client\client\Tilemap.h(64,51): warning C4244: 'argument': conversion from 'T' to 'T', possible loss of data
          with
          [
              T=unsigned int
          ]
          and
          [
              T=float
          ]
C:\Users\Bruno\Desktop\prog\src\c++\sfml-rs2d\src\client\client\Tilemap.h(65,74): warning C4244: 'argument': conversion from 'T' to 'T', possible loss of data
          with
          [
              T=unsigned int
          ]
          and
          [
              T=float
          ]
C:\Users\Bruno\Desktop\prog\src\c++\sfml-rs2d\src\client\client\Tilemap.h(65,51): warning C4244: 'argument': conversion from 'T' to 'T', possible loss of data
          with
          [
              T=unsigned int
          ]
          and
          [
              T=float
          ]
C:\Users\Bruno\Desktop\prog\src\c++\sfml-rs2d\src\client\client\Tilemap.h(67,74): warning C4244: 'argument': conversion from 'T' to 'T', possible loss of data
          with
          [
              T=unsigned int
          ]
          and
          [
              T=float
          ]
C:\Users\Bruno\Desktop\prog\src\c++\sfml-rs2d\src\client\client\Tilemap.h(67,51): warning C4244: 'argument': conversion from 'T' to 'T', possible loss of data
          with
          [
              T=unsigned int
          ]
          and
          [
              T=float
          ]
C:\Users\Bruno\Desktop\prog\src\c++\sfml-rs2d\src\client\client\Tilemap.h(68,74): warning C4244: 'argument': conversion from 'T' to 'T', possible loss of data
          with
          [
              T=unsigned int
          ]
          and
          [
              T=float
          ]
C:\Users\Bruno\Desktop\prog\src\c++\sfml-rs2d\src\client\client\Tilemap.h(68,51): warning C4244: 'argument': conversion from 'T' to 'T', possible loss of data
          with
          [
              T=unsigned int
          ]
          and
          [
              T=float
          ]
C:\Users\Bruno\Desktop\prog\src\c++\sfml-rs2d\src\client\client\Tilemap.h(69,74): warning C4244: 'argument': conversion from 'T' to 'T', possible loss of data
          with
          [
              T=unsigned int
          ]
          and
          [
              T=float
          ]
C:\Users\Bruno\Desktop\prog\src\c++\sfml-rs2d\src\client\client\Tilemap.h(69,51): warning C4244: 'argument': conversion from 'T' to 'T', possible loss of data
          with
          [
              T=unsigned int
          ]
          and
          [
              T=float
          ]
C:\Users\Bruno\Desktop\prog\src\c++\sfml-rs2d\src\client\client\Tilemap.h(70,74): warning C4244: 'argument': conversion from 'T' to 'T', possible loss of data
          with
          [
              T=unsigned int
          ]
          and
          [
              T=float
          ]
C:\Users\Bruno\Desktop\prog\src\c++\sfml-rs2d\src\client\client\Tilemap.h(70,51): warning C4244: 'argument': conversion from 'T' to 'T', possible loss of data
          with
          [
              T=unsigned int
          ]
          and
          [
              T=float
          ]
C:\Users\Bruno\Desktop\prog\src\c++\sfml-rs2d\src\client\client\player.cpp(22,56): warning C4244: 'argument': conversion from 'int' to 'const float', possible loss of data
C:\Users\Bruno\Desktop\prog\src\c++\sfml-rs2d\src\client\client\player.cpp(22,45): warning C4244: 'argument': conversion from 'int' to 'const float', possible loss of data
C:\Users\Bruno\Desktop\prog\src\c++\sfml-rs2d\src\client\client\player.cpp(23,93): warning C4244: 'argument': conversion from 'int' to 'const float', possible loss of data
C:\Users\Bruno\Desktop\prog\src\c++\sfml-rs2d\src\client\client\player.cpp(23,62): warning C4244: 'argument': conversion from 'int' to 'const float', possible loss of data
  rightBanner.cpp
C:\Users\Bruno\Desktop\prog\src\c++\sfml-rs2d\src\client\client\mouseWheelEvent.h(17,1): warning C4003: not enough arguments for function-like macro invocation 'EVENT_CLASS'
C:\Users\Bruno\Desktop\prog\src\c++\sfml-rs2d\src\client\client\mouseMiddleClickEvent.h(17,1): warning C4003: not enough arguments for function-like macro invocation 'EVENT_CLASS'
C:\Users\Bruno\Desktop\prog\src\c++\sfml-rs2d\src\client\client\mouseLeftClickEvent.h(17,1): warning C4003: not enough arguments for function-like macro invocation 'EVENT_CLASS'
C:\Users\Bruno\Desktop\prog\src\c++\sfml-rs2d\src\client\client\mouseRightClickEvent.h(17,1): warning C4003: not enough arguments for function-like macro invocation 'EVENT_CLASS'
C:\Users\Bruno\Desktop\prog\src\c++\sfml-rs2d\src\client\client\mouseMoveEvent.h(17,1): warning C4003: not enough arguments for function-like macro invocation 'EVENT_CLASS'
C:\Users\Bruno\Desktop\prog\src\c++\sfml-rs2d\src\client\client\teleportEvent.h(16,1): warning C4003: not enough arguments for function-like macro invocation 'EVENT_CLASS'
C:\Users\Bruno\Desktop\prog\src\c++\sfml-rs2d\src\client\client\interactionClickEvent.h(17,1): warning C4003: not enough arguments for function-like macro invocation 'EVENT_CLASS'
C:\Users\Bruno\Desktop\prog\src\c++\sfml-rs2d\src\client\client\walkClickEvent.h(17,1): warning C4003: not enough arguments for function-like macro invocation 'EVENT_CLASS'
C:\Users\Bruno\Desktop\prog\src\c++\sfml-rs2d\src\client\client\rightClickTileEvent.h(18,1): warning C4003: not enough arguments for function-like macro invocation 'EVENT_CLASS'
C:\Users\Bruno\Desktop\prog\src\c++\sfml-rs2d\src\client\client\Tilemap.h(29,67): warning C4244: 'argument': conversion from 'unsigned int' to 'T', possible loss of data
          with
          [
              T=float
          ]
C:\Users\Bruno\Desktop\prog\src\c++\sfml-rs2d\src\client\client\Tilemap.h(29,51): warning C4244: 'argument': conversion from 'unsigned int' to 'T', possible loss of data
          with
          [
              T=float
          ]
C:\Users\Bruno\Desktop\prog\src\c++\sfml-rs2d\src\client\client\Tilemap.h(30,73): warning C4244: 'argument': conversion from 'unsigned int' to 'T', possible loss of data
          with
          [
              T=float
          ]
C:\Users\Bruno\Desktop\prog\src\c++\sfml-rs2d\src\client\client\Tilemap.h(30,57): warning C4244: 'argument': conversion from 'unsigned int' to 'T', possible loss of data
          with
          [
              T=float
          ]
C:\Users\Bruno\Desktop\prog\src\c++\sfml-rs2d\src\client\client\Tilemap.h(31,79): warning C4244: 'argument': conversion from 'unsigned int' to 'T', possible loss of data
          with
          [
              T=float
          ]
C:\Users\Bruno\Desktop\prog\src\c++\sfml-rs2d\src\client\client\Tilemap.h(31,57): warning C4244: 'argument': conversion from 'unsigned int' to 'T', possible loss of data
          with
          [
              T=float
          ]
C:\Users\Bruno\Desktop\prog\src\c++\sfml-rs2d\src\client\client\Tilemap.h(32,73): warning C4244: 'argument': conversion from 'unsigned int' to 'T', possible loss of data
          with
          [
              T=float
          ]
C:\Users\Bruno\Desktop\prog\src\c++\sfml-rs2d\src\client\client\Tilemap.h(32,51): warning C4244: 'argument': conversion from 'unsigned int' to 'T', possible loss of data
          with
          [
              T=float
          ]
C:\Users\Bruno\Desktop\prog\src\c++\sfml-rs2d\src\client\client\Tilemap.h(38,70): warning C4244: 'argument': conversion from 'T' to 'T', possible loss of data
          with
          [
              T=unsigned int
          ]
          and
          [
              T=float
          ]
C:\Users\Bruno\Desktop\prog\src\c++\sfml-rs2d\src\client\client\Tilemap.h(38,53): warning C4244: 'argument': conversion from 'T' to 'T', possible loss of data
          with
          [
              T=unsigned int
          ]
          and
          [
              T=float
          ]
C:\Users\Bruno\Desktop\prog\src\c++\sfml-rs2d\src\client\client\Tilemap.h(39,76): warning C4244: 'argument': conversion from 'T' to 'T', possible loss of data
          with
          [
              T=unsigned int
          ]
          and
          [
              T=float
          ]
C:\Users\Bruno\Desktop\prog\src\c++\sfml-rs2d\src\client\client\Tilemap.h(39,59): warning C4244: 'argument': conversion from 'T' to 'T', possible loss of data
          with
          [
              T=unsigned int
          ]
          and
          [
              T=float
          ]
C:\Users\Bruno\Desktop\prog\src\c++\sfml-rs2d\src\client\client\Tilemap.h(40,82): warning C4244: 'argument': conversion from 'T' to 'T', possible loss of data
          with
          [
              T=unsigned int
          ]
          and
          [
              T=float
          ]
C:\Users\Bruno\Desktop\prog\src\c++\sfml-rs2d\src\client\client\Tilemap.h(40,59): warning C4244: 'argument': conversion from 'T' to 'T', possible loss of data
          with
          [
              T=unsigned int
          ]
          and
          [
              T=float
          ]
C:\Users\Bruno\Desktop\prog\src\c++\sfml-rs2d\src\client\client\Tilemap.h(41,76): warning C4244: 'argument': conversion from 'T' to 'T', possible loss of data
          with
          [
              T=unsigned int
          ]
          and
          [
              T=float
          ]
C:\Users\Bruno\Desktop\prog\src\c++\sfml-rs2d\src\client\client\Tilemap.h(41,53): warning C4244: 'argument': conversion from 'T' to 'T', possible loss of data
          with
          [
              T=unsigned int
          ]
          and
          [
              T=float
          ]
C:\Users\Bruno\Desktop\prog\src\c++\sfml-rs2d\src\client\client\Tilemap.h(62,74): warning C4244: 'argument': conversion from 'T' to 'T', possible loss of data
          with
          [
              T=unsigned int
          ]
          and
          [
              T=float
          ]
C:\Users\Bruno\Desktop\prog\src\c++\sfml-rs2d\src\client\client\Tilemap.h(62,51): warning C4244: 'argument': conversion from 'T' to 'T', possible loss of data
          with
          [
              T=unsigned int
          ]
          and
          [
              T=float
          ]
C:\Users\Bruno\Desktop\prog\src\c++\sfml-rs2d\src\client\client\Tilemap.h(63,74): warning C4244: 'argument': conversion from 'T' to 'T', possible loss of data
          with
          [
              T=unsigned int
          ]
          and
          [
              T=float
          ]
C:\Users\Bruno\Desktop\prog\src\c++\sfml-rs2d\src\client\client\Tilemap.h(63,51): warning C4244: 'argument': conversion from 'T' to 'T', possible loss of data
          with
          [
              T=unsigned int
          ]
          and
          [
              T=float
          ]
C:\Users\Bruno\Desktop\prog\src\c++\sfml-rs2d\src\client\client\Tilemap.h(64,74): warning C4244: 'argument': conversion from 'T' to 'T', possible loss of data
          with
          [
              T=unsigned int
          ]
          and
          [
              T=float
          ]
C:\Users\Bruno\Desktop\prog\src\c++\sfml-rs2d\src\client\client\Tilemap.h(64,51): warning C4244: 'argument': conversion from 'T' to 'T', possible loss of data
          with
          [
              T=unsigned int
          ]
          and
          [
              T=float
          ]
C:\Users\Bruno\Desktop\prog\src\c++\sfml-rs2d\src\client\client\Tilemap.h(65,74): warning C4244: 'argument': conversion from 'T' to 'T', possible loss of data
          with
          [
              T=unsigned int
          ]
          and
          [
              T=float
          ]
C:\Users\Bruno\Desktop\prog\src\c++\sfml-rs2d\src\client\client\Tilemap.h(65,51): warning C4244: 'argument': conversion from 'T' to 'T', possible loss of data
          with
          [
              T=unsigned int
          ]
          and
          [
              T=float
          ]
C:\Users\Bruno\Desktop\prog\src\c++\sfml-rs2d\src\client\client\Tilemap.h(67,74): warning C4244: 'argument': conversion from 'T' to 'T', possible loss of data
          with
          [
              T=unsigned int
          ]
          and
          [
              T=float
          ]
C:\Users\Bruno\Desktop\prog\src\c++\sfml-rs2d\src\client\client\Tilemap.h(67,51): warning C4244: 'argument': conversion from 'T' to 'T', possible loss of data
          with
          [
              T=unsigned int
          ]
          and
          [
              T=float
          ]
C:\Users\Bruno\Desktop\prog\src\c++\sfml-rs2d\src\client\client\Tilemap.h(68,74): warning C4244: 'argument': conversion from 'T' to 'T', possible loss of data
          with
          [
              T=unsigned int
          ]
          and
          [
              T=float
          ]
C:\Users\Bruno\Desktop\prog\src\c++\sfml-rs2d\src\client\client\Tilemap.h(68,51): warning C4244: 'argument': conversion from 'T' to 'T', possible loss of data
          with
          [
              T=unsigned int
          ]
          and
          [
              T=float
          ]
C:\Users\Bruno\Desktop\prog\src\c++\sfml-rs2d\src\client\client\Tilemap.h(69,74): warning C4244: 'argument': conversion from 'T' to 'T', possible loss of data
          with
          [
              T=unsigned int
          ]
          and
          [
              T=float
          ]
C:\Users\Bruno\Desktop\prog\src\c++\sfml-rs2d\src\client\client\Tilemap.h(69,51): warning C4244: 'argument': conversion from 'T' to 'T', possible loss of data
          with
          [
              T=unsigned int
          ]
          and
          [
              T=float
          ]
C:\Users\Bruno\Desktop\prog\src\c++\sfml-rs2d\src\client\client\Tilemap.h(70,74): warning C4244: 'argument': conversion from 'T' to 'T', possible loss of data
          with
          [
              T=unsigned int
          ]
          and
          [
              T=float
          ]
C:\Users\Bruno\Desktop\prog\src\c++\sfml-rs2d\src\client\client\Tilemap.h(70,51): warning C4244: 'argument': conversion from 'T' to 'T', possible loss of data
          with
          [
              T=unsigned int
          ]
          and
          [
              T=float
          ]
C:\Users\Bruno\Desktop\prog\src\c++\sfml-rs2d\src\client\client\resizeEvent.h(16,1): warning C4003: not enough arguments for function-like macro invocation 'EVENT_CLASS'
C:\Users\Bruno\Desktop\prog\src\c++\sfml-rs2d\src\client\client\rightBanner.cpp(50,27): warning C4244: 'initializing': conversion from 'float' to 'int', possible loss of data
  rightClickInterface.cpp
C:\Users\Bruno\Desktop\prog\src\c++\sfml-rs2d\src\client\client\rightClickTileEvent.h(18,1): warning C4003: not enough arguments for function-like macro invocation 'EVENT_CLASS'
C:\Users\Bruno\Desktop\prog\src\c++\sfml-rs2d\src\client\client\mouseWheelEvent.h(17,1): warning C4003: not enough arguments for function-like macro invocation 'EVENT_CLASS'
C:\Users\Bruno\Desktop\prog\src\c++\sfml-rs2d\src\client\client\mouseMiddleClickEvent.h(17,1): warning C4003: not enough arguments for function-like macro invocation 'EVENT_CLASS'
C:\Users\Bruno\Desktop\prog\src\c++\sfml-rs2d\src\client\client\mouseLeftClickEvent.h(17,1): warning C4003: not enough arguments for function-like macro invocation 'EVENT_CLASS'
C:\Users\Bruno\Desktop\prog\src\c++\sfml-rs2d\src\client\client\mouseRightClickEvent.h(17,1): warning C4003: not enough arguments for function-like macro invocation 'EVENT_CLASS'
C:\Users\Bruno\Desktop\prog\src\c++\sfml-rs2d\src\client\client\mouseMoveEvent.h(17,1): warning C4003: not enough arguments for function-like macro invocation 'EVENT_CLASS'
C:\Users\Bruno\Desktop\prog\src\c++\sfml-rs2d\src\client\client\teleportEvent.h(16,1): warning C4003: not enough arguments for function-like macro invocation 'EVENT_CLASS'
C:\Users\Bruno\Desktop\prog\src\c++\sfml-rs2d\src\client\client\interactionClickEvent.h(17,1): warning C4003: not enough arguments for function-like macro invocation 'EVENT_CLASS'
C:\Users\Bruno\Desktop\prog\src\c++\sfml-rs2d\src\client\client\walkClickEvent.h(17,1): warning C4003: not enough arguments for function-like macro invocation 'EVENT_CLASS'
C:\Users\Bruno\Desktop\prog\src\c++\sfml-rs2d\src\client\client\rightClickInterface.cpp(54,67): warning C4244: 'argument': conversion from 'unsigned __int64' to 'T', possible loss of data
          with
          [
              T=float
          ]
C:\Users\Bruno\Desktop\prog\src\c++\sfml-rs2d\src\client\client\rightClickInterface.cpp(67,26): warning C4244: 'initializing': conversion from 'float' to 'int', possible loss of data
  sfRenderWindow.cpp
C:\Users\Bruno\Desktop\prog\src\c++\sfml-rs2d\src\client\client\mouseWheelEvent.h(17,1): warning C4003: not enough arguments for function-like macro invocation 'EVENT_CLASS'
C:\Users\Bruno\Desktop\prog\src\c++\sfml-rs2d\src\client\client\mouseMiddleClickEvent.h(17,1): warning C4003: not enough arguments for function-like macro invocation 'EVENT_CLASS'
C:\Users\Bruno\Desktop\prog\src\c++\sfml-rs2d\src\client\client\mouseLeftClickEvent.h(17,1): warning C4003: not enough arguments for function-like macro invocation 'EVENT_CLASS'
C:\Users\Bruno\Desktop\prog\src\c++\sfml-rs2d\src\client\client\mouseRightClickEvent.h(17,1): warning C4003: not enough arguments for function-like macro invocation 'EVENT_CLASS'
C:\Users\Bruno\Desktop\prog\src\c++\sfml-rs2d\src\client\client\mouseMoveEvent.h(17,1): warning C4003: not enough arguments for function-like macro invocation 'EVENT_CLASS'
C:\Users\Bruno\Desktop\prog\src\c++\sfml-rs2d\src\client\client\teleportEvent.h(16,1): warning C4003: not enough arguments for function-like macro invocation 'EVENT_CLASS'
C:\Users\Bruno\Desktop\prog\src\c++\sfml-rs2d\src\client\client\interactionClickEvent.h(17,1): warning C4003: not enough arguments for function-like macro invocation 'EVENT_CLASS'
C:\Users\Bruno\Desktop\prog\src\c++\sfml-rs2d\src\client\client\walkClickEvent.h(17,1): warning C4003: not enough arguments for function-like macro invocation 'EVENT_CLASS'
C:\Users\Bruno\Desktop\prog\src\c++\sfml-rs2d\src\client\client\rightClickTileEvent.h(18,1): warning C4003: not enough arguments for function-like macro invocation 'EVENT_CLASS'
C:\Users\Bruno\Desktop\prog\src\c++\sfml-rs2d\src\client\client\Tilemap.h(29,67): warning C4244: 'argument': conversion from 'unsigned int' to 'T', possible loss of data
          with
          [
              T=float
          ]
C:\Users\Bruno\Desktop\prog\src\c++\sfml-rs2d\src\client\client\Tilemap.h(29,51): warning C4244: 'argument': conversion from 'unsigned int' to 'T', possible loss of data
          with
          [
              T=float
          ]
C:\Users\Bruno\Desktop\prog\src\c++\sfml-rs2d\src\client\client\Tilemap.h(30,73): warning C4244: 'argument': conversion from 'unsigned int' to 'T', possible loss of data
          with
          [
              T=float
          ]
C:\Users\Bruno\Desktop\prog\src\c++\sfml-rs2d\src\client\client\Tilemap.h(30,57): warning C4244: 'argument': conversion from 'unsigned int' to 'T', possible loss of data
          with
          [
              T=float
          ]
C:\Users\Bruno\Desktop\prog\src\c++\sfml-rs2d\src\client\client\Tilemap.h(31,79): warning C4244: 'argument': conversion from 'unsigned int' to 'T', possible loss of data
          with
          [
              T=float
          ]
C:\Users\Bruno\Desktop\prog\src\c++\sfml-rs2d\src\client\client\Tilemap.h(31,57): warning C4244: 'argument': conversion from 'unsigned int' to 'T', possible loss of data
          with
          [
              T=float
          ]
C:\Users\Bruno\Desktop\prog\src\c++\sfml-rs2d\src\client\client\Tilemap.h(32,73): warning C4244: 'argument': conversion from 'unsigned int' to 'T', possible loss of data
          with
          [
              T=float
          ]
C:\Users\Bruno\Desktop\prog\src\c++\sfml-rs2d\src\client\client\Tilemap.h(32,51): warning C4244: 'argument': conversion from 'unsigned int' to 'T', possible loss of data
          with
          [
              T=float
          ]
C:\Users\Bruno\Desktop\prog\src\c++\sfml-rs2d\src\client\client\Tilemap.h(38,70): warning C4244: 'argument': conversion from 'T' to 'T', possible loss of data
          with
          [
              T=unsigned int
          ]
          and
          [
              T=float
          ]
C:\Users\Bruno\Desktop\prog\src\c++\sfml-rs2d\src\client\client\Tilemap.h(38,53): warning C4244: 'argument': conversion from 'T' to 'T', possible loss of data
          with
          [
              T=unsigned int
          ]
          and
          [
              T=float
          ]
C:\Users\Bruno\Desktop\prog\src\c++\sfml-rs2d\src\client\client\Tilemap.h(39,76): warning C4244: 'argument': conversion from 'T' to 'T', possible loss of data
          with
          [
              T=unsigned int
          ]
          and
          [
              T=float
          ]
C:\Users\Bruno\Desktop\prog\src\c++\sfml-rs2d\src\client\client\Tilemap.h(39,59): warning C4244: 'argument': conversion from 'T' to 'T', possible loss of data
          with
          [
              T=unsigned int
          ]
          and
          [
              T=float
          ]
C:\Users\Bruno\Desktop\prog\src\c++\sfml-rs2d\src\client\client\Tilemap.h(40,82): warning C4244: 'argument': conversion from 'T' to 'T', possible loss of data
          with
          [
              T=unsigned int
          ]
          and
          [
              T=float
          ]
C:\Users\Bruno\Desktop\prog\src\c++\sfml-rs2d\src\client\client\Tilemap.h(40,59): warning C4244: 'argument': conversion from 'T' to 'T', possible loss of data
          with
          [
              T=unsigned int
          ]
          and
          [
              T=float
          ]
C:\Users\Bruno\Desktop\prog\src\c++\sfml-rs2d\src\client\client\Tilemap.h(41,76): warning C4244: 'argument': conversion from 'T' to 'T', possible loss of data
          with
          [
              T=unsigned int
          ]
          and
          [
              T=float
          ]
C:\Users\Bruno\Desktop\prog\src\c++\sfml-rs2d\src\client\client\Tilemap.h(41,53): warning C4244: 'argument': conversion from 'T' to 'T', possible loss of data
          with
          [
              T=unsigned int
          ]
          and
          [
              T=float
          ]
C:\Users\Bruno\Desktop\prog\src\c++\sfml-rs2d\src\client\client\Tilemap.h(62,74): warning C4244: 'argument': conversion from 'T' to 'T', possible loss of data
          with
          [
              T=unsigned int
          ]
          and
          [
              T=float
          ]
C:\Users\Bruno\Desktop\prog\src\c++\sfml-rs2d\src\client\client\Tilemap.h(62,51): warning C4244: 'argument': conversion from 'T' to 'T', possible loss of data
          with
          [
              T=unsigned int
          ]
          and
          [
              T=float
          ]
C:\Users\Bruno\Desktop\prog\src\c++\sfml-rs2d\src\client\client\Tilemap.h(63,74): warning C4244: 'argument': conversion from 'T' to 'T', possible loss of data
          with
          [
              T=unsigned int
          ]
          and
          [
              T=float
          ]
C:\Users\Bruno\Desktop\prog\src\c++\sfml-rs2d\src\client\client\Tilemap.h(63,51): warning C4244: 'argument': conversion from 'T' to 'T', possible loss of data
          with
          [
              T=unsigned int
          ]
          and
          [
              T=float
          ]
C:\Users\Bruno\Desktop\prog\src\c++\sfml-rs2d\src\client\client\Tilemap.h(64,74): warning C4244: 'argument': conversion from 'T' to 'T', possible loss of data
          with
          [
              T=unsigned int
          ]
          and
          [
              T=float
          ]
C:\Users\Bruno\Desktop\prog\src\c++\sfml-rs2d\src\client\client\Tilemap.h(64,51): warning C4244: 'argument': conversion from 'T' to 'T', possible loss of data
          with
          [
              T=unsigned int
          ]
          and
          [
              T=float
          ]
C:\Users\Bruno\Desktop\prog\src\c++\sfml-rs2d\src\client\client\Tilemap.h(65,74): warning C4244: 'argument': conversion from 'T' to 'T', possible loss of data
          with
          [
              T=unsigned int
          ]
          and
          [
              T=float
          ]
C:\Users\Bruno\Desktop\prog\src\c++\sfml-rs2d\src\client\client\Tilemap.h(65,51): warning C4244: 'argument': conversion from 'T' to 'T', possible loss of data
          with
          [
              T=unsigned int
          ]
          and
          [
              T=float
          ]
C:\Users\Bruno\Desktop\prog\src\c++\sfml-rs2d\src\client\client\Tilemap.h(67,74): warning C4244: 'argument': conversion from 'T' to 'T', possible loss of data
          with
          [
              T=unsigned int
          ]
          and
          [
              T=float
          ]
C:\Users\Bruno\Desktop\prog\src\c++\sfml-rs2d\src\client\client\Tilemap.h(67,51): warning C4244: 'argument': conversion from 'T' to 'T', possible loss of data
          with
          [
              T=unsigned int
          ]
          and
          [
              T=float
          ]
C:\Users\Bruno\Desktop\prog\src\c++\sfml-rs2d\src\client\client\Tilemap.h(68,74): warning C4244: 'argument': conversion from 'T' to 'T', possible loss of data
          with
          [
              T=unsigned int
          ]
          and
          [
              T=float
          ]
C:\Users\Bruno\Desktop\prog\src\c++\sfml-rs2d\src\client\client\Tilemap.h(68,51): warning C4244: 'argument': conversion from 'T' to 'T', possible loss of data
          with
          [
              T=unsigned int
          ]
          and
          [
              T=float
          ]
C:\Users\Bruno\Desktop\prog\src\c++\sfml-rs2d\src\client\client\Tilemap.h(69,74): warning C4244: 'argument': conversion from 'T' to 'T', possible loss of data
          with
          [
              T=unsigned int
          ]
          and
          [
              T=float
          ]
C:\Users\Bruno\Desktop\prog\src\c++\sfml-rs2d\src\client\client\Tilemap.h(69,51): warning C4244: 'argument': conversion from 'T' to 'T', possible loss of data
          with
          [
              T=unsigned int
          ]
          and
          [
              T=float
          ]
C:\Users\Bruno\Desktop\prog\src\c++\sfml-rs2d\src\client\client\Tilemap.h(70,74): warning C4244: 'argument': conversion from 'T' to 'T', possible loss of data
          with
          [
              T=unsigned int
          ]
          and
          [
              T=float
          ]
C:\Users\Bruno\Desktop\prog\src\c++\sfml-rs2d\src\client\client\Tilemap.h(70,51): warning C4244: 'argument': conversion from 'T' to 'T', possible loss of data
          with
          [
              T=unsigned int
          ]
          and
          [
              T=float
          ]
C:\Users\Bruno\Desktop\prog\src\c++\sfml-rs2d\src\client\client\resizeEvent.h(16,1): warning C4003: not enough arguments for function-like macro invocation 'EVENT_CLASS'
C:\Users\Bruno\Desktop\prog\src\c++\sfml-rs2d\src\client\client\VPixelToVTileConverter.h(17,59): warning C4244: 'argument': conversion from 'int' to 'const float', possible loss of data
C:\Users\Bruno\Desktop\prog\src\c++\sfml-rs2d\src\client\client\VPixelToVTileConverter.h(17,30): warning C4244: 'argument': conversion from 'int' to 'const float', possible loss of data
C:\Users\Bruno\Desktop\prog\src\c++\sfml-rs2d\src\client\client\keyPressedEvent.h(9,1): warning C4003: not enough arguments for function-like macro invocation 'EVENT_CLASS'
C:\Users\Bruno\Desktop\prog\src\c++\sfml-rs2d\src\client\client\keyPressedEvent.h(10,1): warning C4003: not enough arguments for function-like macro invocation 'EVENT_CLASS'
C:\Users\Bruno\Desktop\prog\src\c++\sfml-rs2d\src\client\client\keyPressedEvent.h(11,1): warning C4003: not enough arguments for function-like macro invocation 'EVENT_CLASS'
C:\Users\Bruno\Desktop\prog\src\c++\sfml-rs2d\src\client\client\keyPressedEvent.h(12,1): warning C4003: not enough arguments for function-like macro invocation 'EVENT_CLASS'
C:\Users\Bruno\Desktop\prog\src\c++\sfml-rs2d\src\client\client\keyPressedEvent.h(13,1): warning C4003: not enough arguments for function-like macro invocation 'EVENT_CLASS'
C:\Users\Bruno\Desktop\prog\src\c++\sfml-rs2d\src\client\client\keyPressedEvent.h(14,1): warning C4003: not enough arguments for function-like macro invocation 'EVENT_CLASS'
C:\Users\Bruno\Desktop\prog\src\c++\sfml-rs2d\src\client\client\keyPressedEvent.h(15,1): warning C4003: not enough arguments for function-like macro invocation 'EVENT_CLASS'
C:\Users\Bruno\Desktop\prog\src\c++\sfml-rs2d\src\client\client\keyPressedEvent.h(16,1): warning C4003: not enough arguments for function-like macro invocation 'EVENT_CLASS'
C:\Users\Bruno\Desktop\prog\src\c++\sfml-rs2d\src\client\client\keyPressedEvent.h(17,1): warning C4003: not enough arguments for function-like macro invocation 'EVENT_CLASS'
C:\Users\Bruno\Desktop\prog\src\c++\sfml-rs2d\src\client\client\keyPressedEvent.h(22,1): warning C4003: not enough arguments for function-like macro invocation 'EVENT_CLASS'
C:\Users\Bruno\Desktop\prog\src\c++\sfml-rs2d\src\client\client\frameEvent.h(16,1): warning C4003: not enough arguments for function-like macro invocation 'EVENT_CLASS'
C:\Users\Bruno\Desktop\prog\src\c++\sfml-rs2d\src\client\client\login.h(17,1): warning C4003: not enough arguments for function-like macro invocation 'EVENT_CLASS'
C:\Users\Bruno\Desktop\prog\src\c++\sfml-rs2d\src\client\client\login.h(31,1): warning C4003: not enough arguments for function-like macro invocation 'EVENT_CLASS'
C:\Users\Bruno\Desktop\prog\src\c++\sfml-rs2d\src\client\client\closeEvent.h(4,1): warning C4003: not enough arguments for function-like macro invocation 'EVENT_CLASS'
C:\Users\Bruno\Desktop\prog\src\c++\sfml-rs2d\src\client\client\sfRenderWindow.cpp(202,11): warning C4244: 'argument': conversion from 'double' to 'float', possible loss of data
C:\Users\Bruno\Desktop\prog\src\c++\sfml-rs2d\src\client\client\sfRenderWindow.cpp(212,61): warning C4244: 'argument': conversion from 'double' to 'float', possible loss of data
C:\Users\Bruno\Desktop\prog\src\c++\sfml-rs2d\src\client\client\sfRenderWindow.cpp(219,12): warning C4244: '=': conversion from 'T' to 'float', possible loss of data
          with
          [
              T=unsigned int
          ]
C:\Users\Bruno\Desktop\prog\src\c++\sfml-rs2d\src\client\client\sfRenderWindow.cpp(220,12): warning C4244: '=': conversion from 'T' to 'float', possible loss of data
          with
          [
              T=unsigned int
          ]
C:\Users\Bruno\Desktop\prog\src\c++\sfml-rs2d\src\client\client\sfRenderWindow.cpp(286,70): warning C4244: 'argument': conversion from 'int' to 'const float', possible loss of data
C:\Users\Bruno\Desktop\prog\src\c++\sfml-rs2d\src\client\client\sfRenderWindow.cpp(286,49): warning C4244: 'argument': conversion from 'int' to 'const float', possible loss of data
C:\Users\Bruno\Desktop\prog\src\c++\sfml-rs2d\src\client\client\sfRenderWindow.cpp(289,71): warning C4244: 'argument': conversion from 'int' to 'const float', possible loss of data
C:\Users\Bruno\Desktop\prog\src\c++\sfml-rs2d\src\client\client\sfRenderWindow.cpp(289,50): warning C4244: 'argument': conversion from 'int' to 'const float', possible loss of data
C:\Users\Bruno\Desktop\prog\src\c++\sfml-rs2d\src\client\client\sfRenderWindow.cpp(292,72): warning C4244: 'argument': conversion from 'int' to 'const float', possible loss of data
C:\Users\Bruno\Desktop\prog\src\c++\sfml-rs2d\src\client\client\sfRenderWindow.cpp(292,51): warning C4244: 'argument': conversion from 'int' to 'const float', possible loss of data
C:\Users\Bruno\Desktop\prog\src\c++\sfml-rs2d\src\client\client\sfRenderWindow.cpp(299,63): warning C4244: 'argument': conversion from 'int' to 'const float', possible loss of data
C:\Users\Bruno\Desktop\prog\src\c++\sfml-rs2d\src\client\client\sfRenderWindow.cpp(299,43): warning C4244: 'argument': conversion from 'int' to 'const float', possible loss of data
C:\Users\Bruno\Desktop\prog\src\c++\sfml-rs2d\src\client\client\sfRenderWindow.cpp(301,60): warning C4244: 'argument': conversion from 'int' to 'const float', possible loss of data
C:\Users\Bruno\Desktop\prog\src\c++\sfml-rs2d\src\client\client\sfRenderWindow.cpp(301,41): warning C4244: 'argument': conversion from 'int' to 'const float', possible loss of data
C:\Users\Bruno\Desktop\prog\src\c++\sfml-rs2d\src\client\client\sfRenderWindow.cpp(339,87): warning C4244: 'argument': conversion from 'int' to 'const float', possible loss of data
C:\Users\Bruno\Desktop\prog\src\c++\sfml-rs2d\src\client\client\sfRenderWindow.cpp(339,84): warning C4244: 'argument': conversion from 'int' to 'const float', possible loss of data
  socketService.cpp
C:\Users\Bruno\Desktop\prog\src\c++\sfml-rs2d\src\client\client\login.h(17,1): warning C4003: not enough arguments for function-like macro invocation 'EVENT_CLASS'
C:\Users\Bruno\Desktop\prog\src\c++\sfml-rs2d\src\client\client\login.h(31,1): warning C4003: not enough arguments for function-like macro invocation 'EVENT_CLASS'
C:\Users\Bruno\Desktop\prog\src\c++\sfml-rs2d\src\client\client\keyPressedEvent.h(9,1): warning C4003: not enough arguments for function-like macro invocation 'EVENT_CLASS'
C:\Users\Bruno\Desktop\prog\src\c++\sfml-rs2d\src\client\client\keyPressedEvent.h(10,1): warning C4003: not enough arguments for function-like macro invocation 'EVENT_CLASS'
C:\Users\Bruno\Desktop\prog\src\c++\sfml-rs2d\src\client\client\keyPressedEvent.h(11,1): warning C4003: not enough arguments for function-like macro invocation 'EVENT_CLASS'
C:\Users\Bruno\Desktop\prog\src\c++\sfml-rs2d\src\client\client\keyPressedEvent.h(12,1): warning C4003: not enough arguments for function-like macro invocation 'EVENT_CLASS'
C:\Users\Bruno\Desktop\prog\src\c++\sfml-rs2d\src\client\client\keyPressedEvent.h(13,1): warning C4003: not enough arguments for function-like macro invocation 'EVENT_CLASS'
C:\Users\Bruno\Desktop\prog\src\c++\sfml-rs2d\src\client\client\keyPressedEvent.h(14,1): warning C4003: not enough arguments for function-like macro invocation 'EVENT_CLASS'
C:\Users\Bruno\Desktop\prog\src\c++\sfml-rs2d\src\client\client\keyPressedEvent.h(15,1): warning C4003: not enough arguments for function-like macro invocation 'EVENT_CLASS'
C:\Users\Bruno\Desktop\prog\src\c++\sfml-rs2d\src\client\client\keyPressedEvent.h(16,1): warning C4003: not enough arguments for function-like macro invocation 'EVENT_CLASS'
C:\Users\Bruno\Desktop\prog\src\c++\sfml-rs2d\src\client\client\keyPressedEvent.h(17,1): warning C4003: not enough arguments for function-like macro invocation 'EVENT_CLASS'
C:\Users\Bruno\Desktop\prog\src\c++\sfml-rs2d\src\client\client\keyPressedEvent.h(22,1): warning C4003: not enough arguments for function-like macro invocation 'EVENT_CLASS'
  Generating Code...
  client.vcxproj -> C:\Users\Bruno\Desktop\prog\src\c++\sfml-rs2d\src\map editor\x64\Debug\client.lib
