c:\users\bruno\desktop\prog\src\c++\sfml-rs2d\src\client\client\x64\debug\vc142.pdb
c:\users\bruno\desktop\prog\src\c++\sfml-rs2d\src\client\client\x64\debug\vc142.idb
c:\users\bruno\desktop\prog\src\c++\sfml-rs2d\src\client\client\x64\debug\minimap.obj
c:\users\bruno\desktop\prog\src\c++\sfml-rs2d\src\client\client\x64\debug\measures.obj
c:\users\bruno\desktop\prog\src\c++\sfml-rs2d\src\client\client\x64\debug\map.obj
c:\users\bruno\desktop\prog\src\c++\sfml-rs2d\src\client\client\x64\debug\logoutinnerbanner.obj
c:\users\bruno\desktop\prog\src\c++\sfml-rs2d\src\client\client\x64\debug\item.obj
c:\users\bruno\desktop\prog\src\c++\sfml-rs2d\src\client\client\x64\debug\hoverablecomponent.obj
c:\users\bruno\desktop\prog\src\c++\sfml-rs2d\src\client\client\x64\debug\gametickprogress.obj
c:\users\bruno\desktop\prog\src\c++\sfml-rs2d\src\client\client\x64\debug\gamedataservice.obj
c:\users\bruno\desktop\prog\src\c++\sfml-rs2d\src\client\client\x64\debug\font.obj
c:\users\bruno\desktop\prog\src\c++\sfml-rs2d\src\client\client\x64\debug\disconnectedstate.obj
c:\users\bruno\desktop\prog\src\c++\sfml-rs2d\src\client\client\x64\debug\connectedstate.obj
c:\users\bruno\desktop\prog\src\c++\sfml-rs2d\src\client\client\x64\debug\component.obj
c:\users\bruno\desktop\prog\src\c++\sfml-rs2d\src\client\client\x64\debug\clickablecomponent.obj
c:\users\bruno\desktop\prog\src\c++\sfml-rs2d\src\client\client\x64\debug\chunk.obj
c:\users\bruno\desktop\prog\src\c++\sfml-rs2d\src\client\client\x64\debug\chat.obj
c:\users\bruno\desktop\prog\src\c++\sfml-rs2d\src\client\client\x64\debug\camera.obj
c:\users\bruno\desktop\prog\src\c++\sfml-rs2d\src\client\client\x64\debug\button.obj
c:\users\bruno\desktop\prog\src\c++\sfml-rs2d\src\client\client\x64\debug\bottombanner.obj
c:\users\bruno\desktop\prog\src\c++\sfml-rs2d\src\client\client\x64\debug\anchortransform.obj
c:\users\bruno\desktop\prog\src\c++\sfml-rs2d\src\client\client\x64\debug\anchoredoffsettransform.obj
c:\users\bruno\desktop\prog\src\c++\sfml-rs2d\src\client\client\x64\debug\tile.obj
c:\users\bruno\desktop\prog\src\c++\sfml-rs2d\src\client\client\x64\debug\textures.obj
c:\users\bruno\desktop\prog\src\c++\sfml-rs2d\src\client\client\x64\debug\tcpsocket.obj
c:\users\bruno\desktop\prog\src\c++\sfml-rs2d\src\client\client\x64\debug\socketservice.obj
c:\users\bruno\desktop\prog\src\c++\sfml-rs2d\src\client\client\x64\debug\sfrenderwindow.obj
c:\users\bruno\desktop\prog\src\c++\sfml-rs2d\src\client\client\x64\debug\rightclickinterface.obj
c:\users\bruno\desktop\prog\src\c++\sfml-rs2d\src\client\client\x64\debug\rightbanner.obj
c:\users\bruno\desktop\prog\src\c++\sfml-rs2d\src\client\client\x64\debug\playerpositions.obj
c:\users\bruno\desktop\prog\src\c++\sfml-rs2d\src\client\client\x64\debug\player.obj
c:\users\bruno\desktop\prog\src\c++\sfml-rs2d\src\client\client\x64\debug\client.pdb
c:\users\bruno\desktop\prog\src\c++\sfml-rs2d\src\client\client\x64\debug\client.idb
c:\users\bruno\desktop\prog\src\c++\sfml-rs2d\src\map editor\x64\debug\client.lib
c:\users\bruno\desktop\prog\src\c++\sfml-rs2d\src\client\client\x64\debug\client.tlog\cl.command.1.tlog
c:\users\bruno\desktop\prog\src\c++\sfml-rs2d\src\client\client\x64\debug\client.tlog\cl.read.1.tlog
c:\users\bruno\desktop\prog\src\c++\sfml-rs2d\src\client\client\x64\debug\client.tlog\cl.write.1.tlog
c:\users\bruno\desktop\prog\src\c++\sfml-rs2d\src\client\client\x64\debug\client.tlog\lib-link.read.1.tlog
c:\users\bruno\desktop\prog\src\c++\sfml-rs2d\src\client\client\x64\debug\client.tlog\lib-link.write.1.tlog
c:\users\bruno\desktop\prog\src\c++\sfml-rs2d\src\client\client\x64\debug\client.tlog\lib.command.1.tlog
c:\users\bruno\desktop\prog\src\c++\sfml-rs2d\src\client\client\x64\debug\client.tlog\link-cvtres.read.1.tlog
c:\users\bruno\desktop\prog\src\c++\sfml-rs2d\src\client\client\x64\debug\client.tlog\link-cvtres.write.1.tlog
c:\users\bruno\desktop\prog\src\c++\sfml-rs2d\src\client\client\x64\debug\client.tlog\link-rc.read.1.tlog
c:\users\bruno\desktop\prog\src\c++\sfml-rs2d\src\client\client\x64\debug\client.tlog\link-rc.write.1.tlog
c:\users\bruno\desktop\prog\src\c++\sfml-rs2d\src\client\client\x64\debug\client.tlog\link.command.1.tlog
c:\users\bruno\desktop\prog\src\c++\sfml-rs2d\src\client\client\x64\debug\client.tlog\link.read.1.tlog
c:\users\bruno\desktop\prog\src\c++\sfml-rs2d\src\client\client\x64\debug\client.tlog\link.write.1.tlog
