  common.cpp
  getenv.cpp
  json.cpp
C:\Users\Bruno\Desktop\prog\src\c++\sfml-rs2d\src\common\common\json.cpp(51,12): warning C4244: 'initializing': conversion from '__int64' to 'int', possible loss of data
C:\Users\Bruno\Desktop\prog\src\c++\sfml-rs2d\src\common\common\json.cpp(67,12): warning C4244: 'initializing': conversion from '__int64' to 'int', possible loss of data
C:\Users\Bruno\Desktop\prog\src\c++\sfml-rs2d\src\common\common\json.cpp(77,1): warning C4267: 'return': conversion from 'size_t' to 'unsigned int', possible loss of data
C:\Users\Bruno\Desktop\prog\src\c++\sfml-rs2d\src\common\common\json.cpp(126,26): warning C4018: '<': signed/unsigned mismatch
C:\Users\Bruno\Desktop\prog\src\c++\sfml-rs2d\src\common\common\json.cpp(136,28): warning C4018: '<': signed/unsigned mismatch
C:\Users\Bruno\Desktop\prog\src\c++\sfml-rs2d\src\common\common\json.cpp(155,26): warning C4018: '<': signed/unsigned mismatch
C:\Users\Bruno\Desktop\prog\src\c++\sfml-rs2d\src\common\common\json.cpp(169,26): warning C4018: '<': signed/unsigned mismatch
C:\Users\Bruno\Desktop\prog\src\c++\sfml-rs2d\src\common\common\json.cpp(182,28): warning C4018: '<': signed/unsigned mismatch
C:\Users\Bruno\Desktop\prog\src\c++\sfml-rs2d\src\common\common\json.cpp(201,26): warning C4018: '<': signed/unsigned mismatch
  logger.cpp
  pch.cpp
  print.cpp
  random.cpp
  session.cpp
  splitString.cpp
C:\Users\Bruno\Desktop\prog\src\c++\sfml-rs2d\src\common\common\splitString.cpp(10,44): warning C4267: '=': conversion from 'size_t' to 'int', possible loss of data
  units.cpp
C:\Users\Bruno\Desktop\prog\src\c++\sfml-rs2d\src\common\common\units.cpp(29,24): warning C4244: 'return': conversion from 'float' to 'size_t', possible loss of data
  Generating Code...
  common.vcxproj -> C:\Users\Bruno\Desktop\prog\src\c++\sfml-rs2d\src\server\x64\Debug\common.lib
